#
# There is insufficient memory for the Java Runtime Environment to continue.
# Native memory allocation (mmap) failed to map 1065353216 bytes for G1 virtual space
# Possible reasons:
#   The system is out of physical RAM or swap space
#   The process is running with CompressedOops enabled, and the Java Heap may be blocking the growth of the native heap
# Possible solutions:
#   Reduce memory load on the system
#   Increase physical memory or swap space
#   Check if swap backing store is full
#   Decrease Java heap size (-Xmx/-Xms)
#   Decrease number of Java threads
#   Decrease Java thread stack sizes (-Xss)
#   Set larger code cache with -XX:ReservedCodeCacheSize=
#   JVM is running with Zero Based Compressed Oops mode in which the Java heap is
#     placed in the first 32GB address space. The Java Heap base address is the
#     maximum limit for the native heap growth. Please use -XX:HeapBaseMinAddress
#     to set the Java Heap base and to place the Java Heap above 32GB virtual address.
# This output file may be truncated or incomplete.
#
#  Out of Memory Error (os_windows.cpp:3769), pid=14864, tid=11752
#
# JRE version: OpenJDK Runtime Environment (17.0.6) (build 17.0.6+0-b2043.56-10027231)
# Java VM: OpenJDK 64-Bit Server VM (17.0.6+0-b2043.56-10027231, mixed mode, tiered, compressed oops, compressed class ptrs, g1 gc, windows-amd64)
# No core dump will be written. Minidumps are not enabled by default on client versions of Windows
#

---------------  S U M M A R Y ------------

Command Line: --add-exports=jdk.compiler/com.sun.tools.javac.tree=ALL-UNNAMED --add-exports=jdk.compiler/com.sun.tools.javac.code=ALL-UNNAMED --add-exports=jdk.compiler/com.sun.tools.javac.util=ALL-UNNAMED --add-opens=java.base/java.util=ALL-UNNAMED --add-opens=java.base/java.lang=ALL-UNNAMED --add-opens=java.base/java.lang.invoke=ALL-UNNAMED --add-opens=java.base/java.util=ALL-UNNAMED --add-opens=java.prefs/java.util.prefs=ALL-UNNAMED --add-opens=java.prefs/java.util.prefs=ALL-UNNAMED --add-opens=java.base/java.nio.charset=ALL-UNNAMED --add-opens=java.base/java.net=ALL-UNNAMED --add-opens=java.base/java.util.concurrent.atomic=ALL-UNNAMED -Xmx8192m -Dfile.encoding=windows-1252 -Duser.country=IN -Duser.language=en -Duser.variant org.gradle.launcher.daemon.bootstrap.GradleDaemon 7.5

Host: Intel(R) Core(TM) i5-5250U CPU @ 1.60GHz, 4 cores, 3G,  Windows 10 , 64 bit Build 19041 (10.0.19041.3636)
Time: Tue Dec 19 22:16:25 2023 India Standard Time elapsed time: 119.153616 seconds (0d 0h 1m 59s)

---------------  T H R E A D  ---------------

Current thread (0x00000247521eddb0):  VMThread "VM Thread" [stack: 0x0000008bea300000,0x0000008bea400000] [id=11752]

Stack: [0x0000008bea300000,0x0000008bea400000]
Native frames: (J=compiled Java code, j=interpreted, Vv=VM code, C=native code)
V  [jvm.dll+0x683c9a]
V  [jvm.dll+0x8427a4]
V  [jvm.dll+0x843f9e]
V  [jvm.dll+0x844603]
V  [jvm.dll+0x249b75]
V  [jvm.dll+0x680b69]
V  [jvm.dll+0x67505a]
V  [jvm.dll+0x309acb]
V  [jvm.dll+0x310f86]
V  [jvm.dll+0x3608ee]
V  [jvm.dll+0x360b1f]
V  [jvm.dll+0x2dfbf8]
V  [jvm.dll+0x2ddec4]
V  [jvm.dll+0x2dd4cc]
V  [jvm.dll+0x321f3b]
V  [jvm.dll+0x848ccb]
V  [jvm.dll+0x849a04]
V  [jvm.dll+0x849f1d]
V  [jvm.dll+0x84a2f4]
V  [jvm.dll+0x84a3c0]
V  [jvm.dll+0x7f274a]
V  [jvm.dll+0x682ad5]
C  [ucrtbase.dll+0x21bb2]
C  [KERNEL32.DLL+0x17344]
C  [ntdll.dll+0x526b1]

VM_Operation (0x0000008befef9190): G1CollectForAllocation, mode: safepoint, requested by thread 0x0000024757272a20


---------------  P R O C E S S  ---------------

Threads class SMR info:
_java_thread_list=0x000002475d2fb820, length=100, elements={
0x000002472ab3a810, 0x0000024753033260, 0x00000247521f6820, 0x000002475300ab00,
0x000002475300d4d0, 0x000002475300e1a0, 0x000002475300f7a0, 0x0000024753073fc0,
0x0000024753076980, 0x0000024753077a60, 0x00000247531cc6f0, 0x00000247531ccfd0,
0x00000247547f50d0, 0x0000024753f95a60, 0x0000024753c51390, 0x00000247540c4db0,
0x0000024753ccc3d0, 0x0000024753ccd240, 0x0000024753ccc8a0, 0x0000024753ccba30,
0x00000247547b2870, 0x00000247547b1060, 0x00000247547b7f10, 0x00000247547b6bd0,
0x00000247547b6230, 0x00000247547b88b0, 0x00000247547b5d60, 0x00000247547b83e0,
0x00000247547b2d40, 0x00000247547b3210, 0x00000247547b1a00, 0x00000247547b4a20,
0x00000247547b7a40, 0x00000247547b4ef0, 0x00000247547b4080, 0x00000247547b53c0,
0x00000247547b4550, 0x00000247547b5890, 0x0000024757291920, 0x000002475728e430,
0x000002475728fc40, 0x000002475728df60, 0x000002475728da90, 0x000002475728edd0,
0x000002475728f2a0, 0x0000024757290110, 0x000002475728d5c0, 0x0000024757292790,
0x000002475728bdb0, 0x000002475728e900, 0x000002475728c280, 0x0000024757291df0,
0x000002475728f770, 0x00000247572905e0, 0x0000024757293600, 0x000002475728d0f0,
0x00000247572922c0, 0x0000024757290ab0, 0x0000024757290f80, 0x0000024757291450,
0x0000024757293130, 0x0000024757292c60, 0x000002475728c750, 0x000002475728cc20,
0x000002475726fa00, 0x0000024757274230, 0x00000247572716e0, 0x00000247572768b0,
0x0000024757274bd0, 0x000002475726f530, 0x0000024757273890, 0x00000247572750a0,
0x0000024757275570, 0x00000247572763e0, 0x00000247572733c0, 0x0000024757271bb0,
0x0000024757275a40, 0x0000024757274700, 0x0000024757270d40, 0x0000024757271210,
0x0000024757270870, 0x0000024757272080, 0x0000024757273d60, 0x0000024757272550,
0x0000024757272a20, 0x0000024757272ef0, 0x0000024753ccbf00, 0x0000024759eb86e0,
0x0000024759eb7870, 0x0000024759eba3c0, 0x0000024759ebcf10, 0x0000024759ebd3e0,
0x0000024759ebd8b0, 0x0000024759eb6060, 0x0000024759ebb700, 0x000002475e986500,
0x000002475e98d3b0, 0x000002475e986ea0, 0x000002475e98c540, 0x000002475c872680
}

Java Threads: ( => current thread )
  0x000002472ab3a810 JavaThread "main" [_thread_blocked, id=15380, stack(0x0000008be9d00000,0x0000008be9e00000)]
  0x0000024753033260 JavaThread "Reference Handler" daemon [_thread_blocked, id=13996, stack(0x0000008bea400000,0x0000008bea500000)]
  0x00000247521f6820 JavaThread "Finalizer" daemon [_thread_blocked, id=14212, stack(0x0000008bea500000,0x0000008bea600000)]
  0x000002475300ab00 JavaThread "Signal Dispatcher" daemon [_thread_blocked, id=8848, stack(0x0000008bea600000,0x0000008bea700000)]
  0x000002475300d4d0 JavaThread "Attach Listener" daemon [_thread_blocked, id=14976, stack(0x0000008bea700000,0x0000008bea800000)]
  0x000002475300e1a0 JavaThread "Service Thread" daemon [_thread_blocked, id=7088, stack(0x0000008bea800000,0x0000008bea900000)]
  0x000002475300f7a0 JavaThread "Monitor Deflation Thread" daemon [_thread_blocked, id=3028, stack(0x0000008bea900000,0x0000008beaa00000)]
  0x0000024753073fc0 JavaThread "C2 CompilerThread0" daemon [_thread_blocked, id=17704, stack(0x0000008beaa00000,0x0000008beab00000)]
  0x0000024753076980 JavaThread "C1 CompilerThread0" daemon [_thread_blocked, id=10180, stack(0x0000008beab00000,0x0000008beac00000)]
  0x0000024753077a60 JavaThread "Sweeper thread" daemon [_thread_blocked, id=11696, stack(0x0000008beac00000,0x0000008bead00000)]
  0x00000247531cc6f0 JavaThread "Common-Cleaner" daemon [_thread_blocked, id=6224, stack(0x0000008bead00000,0x0000008beae00000)]
  0x00000247531ccfd0 JavaThread "Notification Thread" daemon [_thread_blocked, id=14640, stack(0x0000008beae00000,0x0000008beaf00000)]
  0x00000247547f50d0 JavaThread "Daemon health stats" [_thread_blocked, id=6476, stack(0x0000008beb300000,0x0000008beb400000)]
  0x0000024753f95a60 JavaThread "Incoming local TCP Connector on port 59149" [_thread_in_native, id=8644, stack(0x0000008beb400000,0x0000008beb500000)]
  0x0000024753c51390 JavaThread "Daemon periodic checks" [_thread_blocked, id=14800, stack(0x0000008beb500000,0x0000008beb600000)]
  0x00000247540c4db0 JavaThread "Daemon" [_thread_blocked, id=17060, stack(0x0000008beb600000,0x0000008beb700000)]
  0x0000024753ccc3d0 JavaThread "Handler for socket connection from /127.0.0.1:59149 to /127.0.0.1:59150" [_thread_in_native, id=17900, stack(0x0000008beb700000,0x0000008beb800000)]
  0x0000024753ccd240 JavaThread "Cancel handler" [_thread_blocked, id=14380, stack(0x0000008beb800000,0x0000008beb900000)]
  0x0000024753ccc8a0 JavaThread "Daemon worker" [_thread_blocked, id=6124, stack(0x0000008beb900000,0x0000008beba00000)]
  0x0000024753ccba30 JavaThread "Asynchronous log dispatcher for DefaultDaemonConnection: socket connection from /127.0.0.1:59149 to /127.0.0.1:59150" [_thread_blocked, id=1816, stack(0x0000008beba00000,0x0000008bebb00000)]
  0x00000247547b2870 JavaThread "Daemon client event forwarder" [_thread_blocked, id=4176, stack(0x0000008bebc00000,0x0000008bebd00000)]
  0x00000247547b1060 JavaThread "Cache worker for journal cache (C:\Users\DNC-USER\.gradle\caches\journal-1)" [_thread_blocked, id=9088, stack(0x0000008bebd00000,0x0000008bebe00000)]
  0x00000247547b7f10 JavaThread "File lock request listener" [_thread_in_native, id=1236, stack(0x0000008bebe00000,0x0000008bebf00000)]
  0x00000247547b6bd0 JavaThread "Cache worker for file hash cache (C:\Users\DNC-USER\.gradle\caches\7.5\fileHashes)" [_thread_blocked, id=8216, stack(0x0000008bebf00000,0x0000008bec000000)]
  0x00000247547b6230 JavaThread "File watcher server" daemon [_thread_blocked, id=4680, stack(0x0000008bec000000,0x0000008bec100000)]
  0x00000247547b88b0 JavaThread "File watcher consumer" daemon [_thread_blocked, id=11664, stack(0x0000008bec100000,0x0000008bec200000)]
  0x00000247547b5d60 JavaThread "Cache worker for checksums cache (C:\ReadWriteSpellProject\ReadWriteSpell\.gradle\7.5\checksums)" [_thread_blocked, id=10560, stack(0x0000008bec200000,0x0000008bec300000)]
  0x00000247547b83e0 JavaThread "Cache worker for cache directory md-rule (C:\Users\DNC-USER\.gradle\caches\7.5\md-rule)" [_thread_blocked, id=7160, stack(0x0000008bec300000,0x0000008bec400000)]
  0x00000247547b2d40 JavaThread "Cache worker for file content cache (C:\Users\DNC-USER\.gradle\caches\7.5\fileContent)" [_thread_blocked, id=16076, stack(0x0000008bec400000,0x0000008bec500000)]
  0x00000247547b3210 JavaThread "Cache worker for file hash cache (C:\ReadWriteSpellProject\ReadWriteSpell\.gradle\7.5\fileHashes)" [_thread_blocked, id=5392, stack(0x0000008bec500000,0x0000008bec600000)]
  0x00000247547b1a00 JavaThread "Cache worker for cache directory md-supplier (C:\Users\DNC-USER\.gradle\caches\7.5\md-supplier)" [_thread_blocked, id=5928, stack(0x0000008bec600000,0x0000008bec700000)]
  0x00000247547b4a20 JavaThread "Cache worker for execution history cache (C:\Users\DNC-USER\.gradle\caches\7.5\executionHistory)" [_thread_blocked, id=560, stack(0x0000008bec700000,0x0000008bec800000)]
  0x00000247547b7a40 JavaThread "jar transforms" [_thread_blocked, id=6000, stack(0x0000008bec800000,0x0000008bec900000)]
  0x00000247547b4ef0 JavaThread "jar transforms Thread 2" [_thread_blocked, id=18320, stack(0x0000008bec900000,0x0000008beca00000)]
  0x00000247547b4080 JavaThread "jar transforms Thread 3" [_thread_blocked, id=8584, stack(0x0000008beca00000,0x0000008becb00000)]
  0x00000247547b53c0 JavaThread "jar transforms Thread 4" [_thread_blocked, id=14752, stack(0x0000008becb00000,0x0000008becc00000)]
  0x00000247547b4550 JavaThread "Cache worker for dependencies-accessors (C:\ReadWriteSpellProject\ReadWriteSpell\.gradle\7.5\dependencies-accessors)" [_thread_blocked, id=10968, stack(0x0000008becc00000,0x0000008becd00000)]
  0x00000247547b5890 JavaThread "Cache worker for Build Output Cleanup Cache (C:\ReadWriteSpellProject\ReadWriteSpell\.gradle\buildOutputCleanup)" [_thread_blocked, id=8588, stack(0x0000008becd00000,0x0000008bece00000)]
  0x0000024757291920 JavaThread "Unconstrained build operations" [_thread_blocked, id=10980, stack(0x0000008bece00000,0x0000008becf00000)]
  0x000002475728e430 JavaThread "Unconstrained build operations Thread 2" [_thread_blocked, id=16580, stack(0x0000008becf00000,0x0000008bed000000)]
  0x000002475728fc40 JavaThread "Unconstrained build operations Thread 3" [_thread_blocked, id=6080, stack(0x0000008bed000000,0x0000008bed100000)]
  0x000002475728df60 JavaThread "Unconstrained build operations Thread 4" [_thread_blocked, id=10500, stack(0x0000008bed100000,0x0000008bed200000)]
  0x000002475728da90 JavaThread "Unconstrained build operations Thread 5" [_thread_blocked, id=13328, stack(0x0000008bed200000,0x0000008bed300000)]
  0x000002475728edd0 JavaThread "Unconstrained build operations Thread 6" [_thread_blocked, id=6232, stack(0x0000008bed300000,0x0000008bed400000)]
  0x000002475728f2a0 JavaThread "Unconstrained build operations Thread 7" [_thread_blocked, id=15888, stack(0x0000008bed400000,0x0000008bed500000)]
  0x0000024757290110 JavaThread "Unconstrained build operations Thread 8" [_thread_blocked, id=6380, stack(0x0000008bed500000,0x0000008bed600000)]
  0x000002475728d5c0 JavaThread "Unconstrained build operations Thread 9" [_thread_blocked, id=4288, stack(0x0000008bed600000,0x0000008bed700000)]
  0x0000024757292790 JavaThread "Unconstrained build operations Thread 10" [_thread_blocked, id=15332, stack(0x0000008bed700000,0x0000008bed800000)]
  0x000002475728bdb0 JavaThread "Unconstrained build operations Thread 11" [_thread_blocked, id=6404, stack(0x0000008bed800000,0x0000008bed900000)]
  0x000002475728e900 JavaThread "Unconstrained build operations Thread 12" [_thread_blocked, id=9348, stack(0x0000008bed900000,0x0000008beda00000)]
  0x000002475728c280 JavaThread "Unconstrained build operations Thread 13" [_thread_blocked, id=7076, stack(0x0000008beda00000,0x0000008bedb00000)]
  0x0000024757291df0 JavaThread "Unconstrained build operations Thread 14" [_thread_blocked, id=13256, stack(0x0000008bedb00000,0x0000008bedc00000)]
  0x000002475728f770 JavaThread "Unconstrained build operations Thread 15" [_thread_blocked, id=11800, stack(0x0000008bedc00000,0x0000008bedd00000)]
  0x00000247572905e0 JavaThread "Unconstrained build operations Thread 16" [_thread_blocked, id=7444, stack(0x0000008bedd00000,0x0000008bede00000)]
  0x0000024757293600 JavaThread "Unconstrained build operations Thread 17" [_thread_blocked, id=10188, stack(0x0000008bede00000,0x0000008bedf00000)]
  0x000002475728d0f0 JavaThread "Unconstrained build operations Thread 18" [_thread_blocked, id=14664, stack(0x0000008bedf00000,0x0000008bee000000)]
  0x00000247572922c0 JavaThread "Unconstrained build operations Thread 19" [_thread_blocked, id=17260, stack(0x0000008bee000000,0x0000008bee100000)]
  0x0000024757290ab0 JavaThread "Unconstrained build operations Thread 20" [_thread_blocked, id=14432, stack(0x0000008bee100000,0x0000008bee200000)]
  0x0000024757290f80 JavaThread "Unconstrained build operations Thread 21" [_thread_blocked, id=10020, stack(0x0000008bee200000,0x0000008bee300000)]
  0x0000024757291450 JavaThread "Unconstrained build operations Thread 22" [_thread_blocked, id=10904, stack(0x0000008bee300000,0x0000008bee400000)]
  0x0000024757293130 JavaThread "Unconstrained build operations Thread 23" [_thread_blocked, id=804, stack(0x0000008bee400000,0x0000008bee500000)]
  0x0000024757292c60 JavaThread "Unconstrained build operations Thread 24" [_thread_blocked, id=10940, stack(0x0000008bee500000,0x0000008bee600000)]
  0x000002475728c750 JavaThread "Unconstrained build operations Thread 25" [_thread_blocked, id=15108, stack(0x0000008bee600000,0x0000008bee700000)]
  0x000002475728cc20 JavaThread "Unconstrained build operations Thread 26" [_thread_blocked, id=1836, stack(0x0000008bee700000,0x0000008bee800000)]
  0x000002475726fa00 JavaThread "Unconstrained build operations Thread 27" [_thread_blocked, id=10420, stack(0x0000008bee800000,0x0000008bee900000)]
  0x0000024757274230 JavaThread "Unconstrained build operations Thread 28" [_thread_blocked, id=10356, stack(0x0000008bee900000,0x0000008beea00000)]
  0x00000247572716e0 JavaThread "Unconstrained build operations Thread 29" [_thread_blocked, id=3956, stack(0x0000008beea00000,0x0000008beeb00000)]
  0x00000247572768b0 JavaThread "Unconstrained build operations Thread 30" [_thread_blocked, id=12732, stack(0x0000008beeb00000,0x0000008beec00000)]
  0x0000024757274bd0 JavaThread "Unconstrained build operations Thread 31" [_thread_blocked, id=5656, stack(0x0000008beec00000,0x0000008beed00000)]
  0x000002475726f530 JavaThread "Unconstrained build operations Thread 32" [_thread_blocked, id=3760, stack(0x0000008beed00000,0x0000008beee00000)]
  0x0000024757273890 JavaThread "Unconstrained build operations Thread 33" [_thread_blocked, id=18012, stack(0x0000008beee00000,0x0000008beef00000)]
  0x00000247572750a0 JavaThread "Unconstrained build operations Thread 34" [_thread_blocked, id=13156, stack(0x0000008beef00000,0x0000008bef000000)]
  0x0000024757275570 JavaThread "Unconstrained build operations Thread 35" [_thread_blocked, id=12988, stack(0x0000008bef000000,0x0000008bef100000)]
  0x00000247572763e0 JavaThread "Unconstrained build operations Thread 36" [_thread_blocked, id=9416, stack(0x0000008bef100000,0x0000008bef200000)]
  0x00000247572733c0 JavaThread "Unconstrained build operations Thread 37" [_thread_blocked, id=6504, stack(0x0000008bef200000,0x0000008bef300000)]
  0x0000024757271bb0 JavaThread "Unconstrained build operations Thread 38" [_thread_blocked, id=12680, stack(0x0000008bef300000,0x0000008bef400000)]
  0x0000024757275a40 JavaThread "Unconstrained build operations Thread 39" [_thread_blocked, id=6344, stack(0x0000008bef400000,0x0000008bef500000)]
  0x0000024757274700 JavaThread "Unconstrained build operations Thread 40" [_thread_blocked, id=3408, stack(0x0000008bef500000,0x0000008bef600000)]
  0x0000024757270d40 JavaThread "build event listener" [_thread_blocked, id=11524, stack(0x0000008bef800000,0x0000008bef900000)]
  0x0000024757271210 JavaThread "Memory manager" [_thread_blocked, id=10332, stack(0x0000008bef900000,0x0000008befa00000)]
  0x0000024757270870 JavaThread "pool-3-thread-1" [_thread_blocked, id=14912, stack(0x0000008befa00000,0x0000008befb00000)]
  0x0000024757272080 JavaThread "build event listener" [_thread_blocked, id=3188, stack(0x0000008befb00000,0x0000008befc00000)]
  0x0000024757273d60 JavaThread "included builds" [_thread_blocked, id=956, stack(0x0000008befc00000,0x0000008befd00000)]
  0x0000024757272550 JavaThread "Execution worker" [_thread_blocked, id=15352, stack(0x0000008befd00000,0x0000008befe00000)]
  0x0000024757272a20 JavaThread "Execution worker Thread 2" [_thread_blocked, id=13644, stack(0x0000008befe00000,0x0000008beff00000)]
  0x0000024757272ef0 JavaThread "Execution worker Thread 3" [_thread_blocked, id=9856, stack(0x0000008beff00000,0x0000008bf0000000)]
  0x0000024753ccbf00 JavaThread "Cache worker for execution history cache (C:\ReadWriteSpellProject\ReadWriteSpell\.gradle\7.5\executionHistory)" [_thread_blocked, id=13760, stack(0x0000008bf0000000,0x0000008bf0100000)]
  0x0000024759eb86e0 JavaThread "WorkerExecutor Queue" [_thread_blocked, id=15824, stack(0x0000008bf0500000,0x0000008bf0600000)]
  0x0000024759eb7870 JavaThread "WorkerExecutor Queue Thread 2" [_thread_blocked, id=7796, stack(0x0000008bf0600000,0x0000008bf0700000)]
  0x0000024759eba3c0 JavaThread "WorkerExecutor Queue Thread 3" [_thread_blocked, id=6468, stack(0x0000008bf0700000,0x0000008bf0800000)]
  0x0000024759ebcf10 JavaThread "Cache worker for Java compile cache (C:\Users\DNC-USER\.gradle\caches\7.5\javaCompile)" [_thread_blocked, id=15124, stack(0x0000008bf0800000,0x0000008bf0900000)]
  0x0000024759ebd3e0 JavaThread "Build operations" [_thread_blocked, id=8660, stack(0x0000008bf0900000,0x0000008bf0a00000)]
  0x0000024759ebd8b0 JavaThread "Build operations Thread 2" [_thread_blocked, id=5180, stack(0x0000008bf0a00000,0x0000008bf0b00000)]
  0x0000024759eb6060 JavaThread "Build operations Thread 3" [_thread_blocked, id=15060, stack(0x0000008bf0b00000,0x0000008bf0c00000)]
  0x0000024759ebb700 JavaThread "Build operations Thread 4" [_thread_blocked, id=16472, stack(0x0000008bf0c00000,0x0000008bf0d00000)]
  0x000002475e986500 JavaThread "pool-4-thread-1" [_thread_blocked, id=10616, stack(0x0000008be9b00000,0x0000008be9c00000)]
  0x000002475e98d3b0 JavaThread "stderr" [_thread_in_native, id=248, stack(0x0000008bebb00000,0x0000008bebc00000)]
  0x000002475e986ea0 JavaThread "stdout" [_thread_in_native, id=6636, stack(0x0000008bf0400000,0x0000008bf0500000)]
  0x000002475e98c540 JavaThread "WorkerExecutor Queue Thread 5" [_thread_blocked, id=5892, stack(0x0000008bf0d00000,0x0000008bf0e00000)]
  0x000002475c872680 JavaThread "C2 CompilerThread1" daemon [_thread_blocked, id=3140, stack(0x0000008be9a00000,0x0000008be9b00000)]

Other Threads:
=>0x00000247521eddb0 VMThread "VM Thread" [stack: 0x0000008bea300000,0x0000008bea400000] [id=11752]
  0x00000247531cd8a0 WatcherThread [stack: 0x0000008beaf00000,0x0000008beb000000] [id=8676]
  0x000002472abeaab0 GCTaskThread "GC Thread#0" [stack: 0x0000008be9e00000,0x0000008be9f00000] [id=7256]
  0x00000247532eab20 GCTaskThread "GC Thread#1" [stack: 0x0000008beb000000,0x0000008beb100000] [id=18424]
  0x00000247533fc600 GCTaskThread "GC Thread#2" [stack: 0x0000008beb100000,0x0000008beb200000] [id=13672]
  0x0000024753d98d30 GCTaskThread "GC Thread#3" [stack: 0x0000008beb200000,0x0000008beb300000] [id=12432]
  0x000002472abfd0b0 ConcurrentGCThread "G1 Main Marker" [stack: 0x0000008be9f00000,0x0000008bea000000] [id=8840]
  0x000002472abfd9d0 ConcurrentGCThread "G1 Conc#0" [stack: 0x0000008bea000000,0x0000008bea100000] [id=17744]
  0x000002472ac0e960 ConcurrentGCThread "G1 Refine#0" [stack: 0x0000008bea100000,0x0000008bea200000] [id=5012]
  0x00000247561cb880 ConcurrentGCThread "G1 Refine#1" [stack: 0x0000008bef600000,0x0000008bef700000] [id=5720]
  0x00000247561caa20 ConcurrentGCThread "G1 Refine#2" [stack: 0x0000008bef700000,0x0000008bef800000] [id=8828]
  0x0000024755fb61b0 ConcurrentGCThread "G1 Refine#3" [stack: 0x0000008bf0300000,0x0000008bf0400000] [id=6904]
  0x0000024752065390 ConcurrentGCThread "G1 Service" [stack: 0x0000008bea200000,0x0000008bea300000] [id=15612]

Threads with active compile tasks:
C2 CompilerThread0   119229 23910       4       com.sun.tools.javac.comp.Resolve::findType (512 bytes)
C2 CompilerThread1   119229 23906       4       com.sun.tools.javac.comp.TypeEnter$ImportsPhase::doImport (207 bytes)

VM state: at safepoint (normal execution)

VM Mutex/Monitor currently owned by a thread:  ([mutex/lock_event])
[0x000002472ab365b0] Threads_lock - owner thread: 0x00000247521eddb0
[0x000002472ab36370] Heap_lock - owner thread: 0x0000024757272a20

Heap address: 0x0000000600000000, size: 8192 MB, Compressed Oops mode: Zero based, Oop shift amount: 3

CDS archive(s) not mapped
Compressed class space mapped at: 0x0000000800000000-0x0000000840000000, reserved size: 1073741824
Narrow klass base: 0x0000000800000000, Narrow klass shift: 0, Narrow klass range: 0x40000000

GC Precious Log:
 CPUs: 4 total, 4 available
 Memory: 3998M
 Large Page Support: Disabled
 NUMA Support: Disabled
 Compressed Oops: Enabled (Zero based)
 Heap Region Size: 4M
 Heap Min Capacity: 8M
 Heap Initial Capacity: 64M
 Heap Max Capacity: 8G
 Pre-touch: Disabled
 Parallel Workers: 4
 Concurrent Workers: 1
 Concurrent Refinement Workers: 4
 Periodic GC: Disabled

Heap:
 garbage-first heap   total 1040384K, used 565248K [0x0000000600000000, 0x0000000800000000)
  region size 4096K, 2 young (8192K), 2 survivors (8192K)
 Metaspace       used 139470K, committed 140288K, reserved 1171456K
  class space    used 18202K, committed 18560K, reserved 1048576K

Heap Regions: E=young(eden), S=young(survivor), O=old, HS=humongous(starts), HC=humongous(continues), CS=collection set, F=free, OA=open archive, CA=closed archive, TAMS=top-at-mark-start (previous, next)
|   0|0x0000000600000000, 0x0000000600400000, 0x0000000600400000|100%| O|  |TAMS 0x0000000600400000, 0x0000000600000000| Untracked 
|   1|0x0000000600400000, 0x0000000600800000, 0x0000000600800000|100%|HS|  |TAMS 0x0000000600800000, 0x0000000600400000| Complete 
|   2|0x0000000600800000, 0x0000000600c00000, 0x0000000600c00000|100%| O|  |TAMS 0x0000000600c00000, 0x0000000600800000| Untracked 
|   3|0x0000000600c00000, 0x0000000601000000, 0x0000000601000000|100%| O|  |TAMS 0x0000000601000000, 0x0000000600c00000| Untracked 
|   4|0x0000000601000000, 0x0000000601400000, 0x0000000601400000|100%| O|  |TAMS 0x0000000601400000, 0x0000000601000000| Untracked 
|   5|0x0000000601400000, 0x0000000601800000, 0x0000000601800000|100%| O|  |TAMS 0x0000000601800000, 0x0000000601400000| Untracked 
|   6|0x0000000601800000, 0x0000000601c00000, 0x0000000601c00000|100%| O|  |TAMS 0x0000000601c00000, 0x0000000601800000| Untracked 
|   7|0x0000000601c00000, 0x0000000602000000, 0x0000000602000000|100%| O|  |TAMS 0x0000000602000000, 0x0000000601c00000| Untracked 
|   8|0x0000000602000000, 0x0000000602400000, 0x0000000602400000|100%| O|  |TAMS 0x0000000602400000, 0x0000000602000000| Untracked 
|   9|0x0000000602400000, 0x0000000602800000, 0x0000000602800000|100%| O|  |TAMS 0x0000000602800000, 0x0000000602400000| Untracked 
|  10|0x0000000602800000, 0x0000000602c00000, 0x0000000602c00000|100%| O|  |TAMS 0x0000000602c00000, 0x0000000602800000| Untracked 
|  11|0x0000000602c00000, 0x0000000603000000, 0x0000000603000000|100%| O|  |TAMS 0x0000000603000000, 0x0000000602c00000| Untracked 
|  12|0x0000000603000000, 0x0000000603400000, 0x0000000603400000|100%| O|  |TAMS 0x0000000603400000, 0x0000000603000000| Untracked 
|  13|0x0000000603400000, 0x0000000603800000, 0x0000000603800000|100%| O|  |TAMS 0x0000000603800000, 0x0000000603400000| Untracked 
|  14|0x0000000603800000, 0x0000000603c00000, 0x0000000603c00000|100%| O|  |TAMS 0x0000000603c00000, 0x0000000603800000| Untracked 
|  15|0x0000000603c00000, 0x0000000604000000, 0x0000000604000000|100%| O|  |TAMS 0x0000000604000000, 0x0000000603c00000| Untracked 
|  16|0x0000000604000000, 0x0000000604400000, 0x0000000604400000|100%| O|  |TAMS 0x0000000604400000, 0x0000000604000000| Untracked 
|  17|0x0000000604400000, 0x0000000604800000, 0x0000000604800000|100%| O|  |TAMS 0x0000000604800000, 0x0000000604400000| Untracked 
|  18|0x0000000604800000, 0x0000000604c00000, 0x0000000604c00000|100%| O|  |TAMS 0x0000000604c00000, 0x0000000604800000| Untracked 
|  19|0x0000000604c00000, 0x0000000605000000, 0x0000000605000000|100%| O|  |TAMS 0x0000000605000000, 0x0000000604c00000| Untracked 
|  20|0x0000000605000000, 0x0000000605400000, 0x0000000605400000|100%| O|  |TAMS 0x0000000605400000, 0x0000000605000000| Untracked 
|  21|0x0000000605400000, 0x0000000605800000, 0x0000000605800000|100%| O|  |TAMS 0x0000000605800000, 0x0000000605400000| Untracked 
|  22|0x0000000605800000, 0x0000000605c00000, 0x0000000605c00000|100%| O|  |TAMS 0x0000000605c00000, 0x0000000605800000| Untracked 
|  23|0x0000000605c00000, 0x0000000606000000, 0x0000000606000000|100%| O|  |TAMS 0x0000000606000000, 0x0000000605c00000| Untracked 
|  24|0x0000000606000000, 0x0000000606400000, 0x0000000606400000|100%| O|  |TAMS 0x0000000606400000, 0x0000000606000000| Untracked 
|  25|0x0000000606400000, 0x0000000606800000, 0x0000000606800000|100%| O|  |TAMS 0x0000000606800000, 0x0000000606400000| Untracked 
|  26|0x0000000606800000, 0x0000000606c00000, 0x0000000606c00000|100%| O|  |TAMS 0x0000000606c00000, 0x0000000606800000| Untracked 
|  27|0x0000000606c00000, 0x0000000607000000, 0x0000000607000000|100%| O|  |TAMS 0x0000000607000000, 0x0000000606c00000| Untracked 
|  28|0x0000000607000000, 0x0000000607400000, 0x0000000607400000|100%| O|  |TAMS 0x0000000607400000, 0x0000000607000000| Untracked 
|  29|0x0000000607400000, 0x0000000607800000, 0x0000000607800000|100%| O|  |TAMS 0x0000000607800000, 0x0000000607400000| Untracked 
|  30|0x0000000607800000, 0x0000000607c00000, 0x0000000607c00000|100%| O|  |TAMS 0x0000000607800000, 0x0000000607800000| Untracked 
|  31|0x0000000607c00000, 0x0000000608000000, 0x0000000608000000|100%| O|  |TAMS 0x0000000608000000, 0x0000000607c00000| Untracked 
|  32|0x0000000608000000, 0x0000000608400000, 0x0000000608400000|100%| O|  |TAMS 0x0000000608400000, 0x0000000608000000| Untracked 
|  33|0x0000000608400000, 0x0000000608800000, 0x0000000608800000|100%| O|  |TAMS 0x0000000608800000, 0x0000000608400000| Untracked 
|  34|0x0000000608800000, 0x0000000608c00000, 0x0000000608c00000|100%| O|  |TAMS 0x0000000608b7cc00, 0x0000000608800000| Untracked 
|  35|0x0000000608c00000, 0x0000000609000000, 0x0000000609000000|100%| O|  |TAMS 0x0000000608c00000, 0x0000000608c00000| Untracked 
|  36|0x0000000609000000, 0x0000000609400000, 0x0000000609400000|100%| O|  |TAMS 0x0000000609000000, 0x0000000609000000| Untracked 
|  37|0x0000000609400000, 0x0000000609800000, 0x0000000609800000|100%| O|  |TAMS 0x0000000609400000, 0x0000000609400000| Untracked 
|  38|0x0000000609800000, 0x0000000609c00000, 0x0000000609c00000|100%| O|  |TAMS 0x0000000609800000, 0x0000000609800000| Untracked 
|  39|0x0000000609c00000, 0x000000060a000000, 0x000000060a000000|100%| O|  |TAMS 0x0000000609c00000, 0x0000000609c00000| Untracked 
|  40|0x000000060a000000, 0x000000060a400000, 0x000000060a400000|100%| O|  |TAMS 0x000000060a000000, 0x000000060a000000| Untracked 
|  41|0x000000060a400000, 0x000000060a800000, 0x000000060a800000|100%| O|  |TAMS 0x000000060a400000, 0x000000060a400000| Untracked 
|  42|0x000000060a800000, 0x000000060ac00000, 0x000000060ac00000|100%| O|  |TAMS 0x000000060a800000, 0x000000060a800000| Untracked 
|  43|0x000000060ac00000, 0x000000060b000000, 0x000000060b000000|100%| O|  |TAMS 0x000000060ac00000, 0x000000060ac00000| Untracked 
|  44|0x000000060b000000, 0x000000060b400000, 0x000000060b400000|100%| O|  |TAMS 0x000000060b000000, 0x000000060b000000| Untracked 
|  45|0x000000060b400000, 0x000000060b800000, 0x000000060b800000|100%| O|  |TAMS 0x000000060b400000, 0x000000060b400000| Untracked 
|  46|0x000000060b800000, 0x000000060bc00000, 0x000000060bc00000|100%| O|  |TAMS 0x000000060b800000, 0x000000060b800000| Untracked 
|  47|0x000000060bc00000, 0x000000060c000000, 0x000000060c000000|100%| O|  |TAMS 0x000000060bc00000, 0x000000060bc00000| Untracked 
|  48|0x000000060c000000, 0x000000060c400000, 0x000000060c400000|100%| O|  |TAMS 0x000000060c000000, 0x000000060c000000| Untracked 
|  49|0x000000060c400000, 0x000000060c800000, 0x000000060c800000|100%| O|  |TAMS 0x000000060c400000, 0x000000060c400000| Untracked 
|  50|0x000000060c800000, 0x000000060cc00000, 0x000000060cc00000|100%| O|  |TAMS 0x000000060c800000, 0x000000060c800000| Untracked 
|  51|0x000000060cc00000, 0x000000060d000000, 0x000000060d000000|100%| O|  |TAMS 0x000000060cc00000, 0x000000060cc00000| Untracked 
|  52|0x000000060d000000, 0x000000060d400000, 0x000000060d400000|100%| O|  |TAMS 0x000000060d000000, 0x000000060d000000| Untracked 
|  53|0x000000060d400000, 0x000000060d800000, 0x000000060d800000|100%| O|  |TAMS 0x000000060d400000, 0x000000060d400000| Untracked 
|  54|0x000000060d800000, 0x000000060dc00000, 0x000000060dc00000|100%| O|  |TAMS 0x000000060d800000, 0x000000060d800000| Untracked 
|  55|0x000000060dc00000, 0x000000060e000000, 0x000000060e000000|100%| O|  |TAMS 0x000000060dc00000, 0x000000060dc00000| Untracked 
|  56|0x000000060e000000, 0x000000060e400000, 0x000000060e400000|100%| O|  |TAMS 0x000000060e000000, 0x000000060e000000| Untracked 
|  57|0x000000060e400000, 0x000000060e800000, 0x000000060e800000|100%| O|  |TAMS 0x000000060e400000, 0x000000060e400000| Untracked 
|  58|0x000000060e800000, 0x000000060ec00000, 0x000000060ec00000|100%| O|  |TAMS 0x000000060e800000, 0x000000060e800000| Untracked 
|  59|0x000000060ec00000, 0x000000060f000000, 0x000000060f000000|100%| O|  |TAMS 0x000000060ec00000, 0x000000060ec00000| Untracked 
|  60|0x000000060f000000, 0x000000060f400000, 0x000000060f400000|100%| O|  |TAMS 0x000000060f000000, 0x000000060f000000| Untracked 
|  61|0x000000060f400000, 0x000000060f800000, 0x000000060f800000|100%| O|  |TAMS 0x000000060f400000, 0x000000060f400000| Untracked 
|  62|0x000000060f800000, 0x000000060fc00000, 0x000000060fc00000|100%| O|  |TAMS 0x000000060f800000, 0x000000060f800000| Untracked 
|  63|0x000000060fc00000, 0x0000000610000000, 0x0000000610000000|100%| O|  |TAMS 0x000000060fc00000, 0x000000060fc00000| Untracked 
|  64|0x0000000610000000, 0x0000000610400000, 0x0000000610400000|100%| O|  |TAMS 0x0000000610000000, 0x0000000610000000| Untracked 
|  65|0x0000000610400000, 0x0000000610800000, 0x0000000610800000|100%| O|  |TAMS 0x0000000610400000, 0x0000000610400000| Untracked 
|  66|0x0000000610800000, 0x0000000610c00000, 0x0000000610c00000|100%| O|  |TAMS 0x0000000610800000, 0x0000000610800000| Untracked 
|  67|0x0000000610c00000, 0x0000000611000000, 0x0000000611000000|100%| O|  |TAMS 0x0000000610c00000, 0x0000000610c00000| Untracked 
|  68|0x0000000611000000, 0x0000000611400000, 0x0000000611400000|100%| O|  |TAMS 0x0000000611000000, 0x0000000611000000| Untracked 
|  69|0x0000000611400000, 0x0000000611800000, 0x0000000611800000|100%| O|  |TAMS 0x0000000611400000, 0x0000000611400000| Untracked 
|  70|0x0000000611800000, 0x0000000611c00000, 0x0000000611c00000|100%| O|  |TAMS 0x0000000611800000, 0x0000000611800000| Untracked 
|  71|0x0000000611c00000, 0x0000000612000000, 0x0000000612000000|100%| O|  |TAMS 0x0000000611c00000, 0x0000000611c00000| Untracked 
|  72|0x0000000612000000, 0x0000000612400000, 0x0000000612400000|100%| O|  |TAMS 0x0000000612000000, 0x0000000612000000| Untracked 
|  73|0x0000000612400000, 0x0000000612800000, 0x0000000612800000|100%| O|  |TAMS 0x0000000612400000, 0x0000000612400000| Untracked 
|  74|0x0000000612800000, 0x0000000612c00000, 0x0000000612c00000|100%| O|  |TAMS 0x0000000612800000, 0x0000000612800000| Untracked 
|  75|0x0000000612c00000, 0x0000000613000000, 0x0000000613000000|100%| O|  |TAMS 0x0000000612c00000, 0x0000000612c00000| Untracked 
|  76|0x0000000613000000, 0x0000000613400000, 0x0000000613400000|100%| O|  |TAMS 0x0000000613000000, 0x0000000613000000| Untracked 
|  77|0x0000000613400000, 0x0000000613800000, 0x0000000613800000|100%| O|  |TAMS 0x0000000613400000, 0x0000000613400000| Untracked 
|  78|0x0000000613800000, 0x0000000613c00000, 0x0000000613c00000|100%| O|  |TAMS 0x0000000613800000, 0x0000000613800000| Untracked 
|  79|0x0000000613c00000, 0x0000000614000000, 0x0000000614000000|100%| O|  |TAMS 0x0000000613c00000, 0x0000000613c00000| Untracked 
|  80|0x0000000614000000, 0x0000000614400000, 0x0000000614400000|100%| O|  |TAMS 0x0000000614000000, 0x0000000614000000| Untracked 
|  81|0x0000000614400000, 0x0000000614800000, 0x0000000614800000|100%| O|  |TAMS 0x0000000614400000, 0x0000000614400000| Untracked 
|  82|0x0000000614800000, 0x0000000614c00000, 0x0000000614c00000|100%| O|  |TAMS 0x0000000614800000, 0x0000000614800000| Untracked 
|  83|0x0000000614c00000, 0x0000000615000000, 0x0000000615000000|100%| O|  |TAMS 0x0000000614c00000, 0x0000000614c00000| Untracked 
|  84|0x0000000615000000, 0x0000000615400000, 0x0000000615400000|100%| O|  |TAMS 0x0000000615000000, 0x0000000615000000| Untracked 
|  85|0x0000000615400000, 0x0000000615800000, 0x0000000615800000|100%| O|  |TAMS 0x0000000615400000, 0x0000000615400000| Untracked 
|  86|0x0000000615800000, 0x0000000615c00000, 0x0000000615c00000|100%| O|  |TAMS 0x0000000615800000, 0x0000000615800000| Untracked 
|  87|0x0000000615c00000, 0x0000000616000000, 0x0000000616000000|100%| O|  |TAMS 0x0000000615c00000, 0x0000000615c00000| Untracked 
|  88|0x0000000616000000, 0x0000000616400000, 0x0000000616400000|100%| O|  |TAMS 0x0000000616000000, 0x0000000616000000| Untracked 
|  89|0x0000000616400000, 0x0000000616800000, 0x0000000616800000|100%| O|  |TAMS 0x0000000616400000, 0x0000000616400000| Untracked 
|  90|0x0000000616800000, 0x0000000616c00000, 0x0000000616c00000|100%| O|  |TAMS 0x0000000616800000, 0x0000000616800000| Untracked 
|  91|0x0000000616c00000, 0x0000000617000000, 0x0000000617000000|100%| O|  |TAMS 0x0000000616c00000, 0x0000000616c00000| Untracked 
|  92|0x0000000617000000, 0x0000000617400000, 0x0000000617400000|100%| O|  |TAMS 0x0000000617000000, 0x0000000617000000| Untracked 
|  93|0x0000000617400000, 0x0000000617800000, 0x0000000617800000|100%| O|  |TAMS 0x0000000617400000, 0x0000000617400000| Untracked 
|  94|0x0000000617800000, 0x0000000617c00000, 0x0000000617c00000|100%| O|  |TAMS 0x0000000617800000, 0x0000000617800000| Untracked 
|  95|0x0000000617c00000, 0x0000000618000000, 0x0000000618000000|100%| O|  |TAMS 0x0000000617c00000, 0x0000000617c00000| Untracked 
|  96|0x0000000618000000, 0x0000000618400000, 0x0000000618400000|100%| O|  |TAMS 0x0000000618000000, 0x0000000618000000| Untracked 
|  97|0x0000000618400000, 0x0000000618800000, 0x0000000618800000|100%| O|  |TAMS 0x0000000618400000, 0x0000000618400000| Untracked 
|  98|0x0000000618800000, 0x0000000618c00000, 0x0000000618c00000|100%| O|  |TAMS 0x0000000618800000, 0x0000000618800000| Untracked 
|  99|0x0000000618c00000, 0x0000000619000000, 0x0000000619000000|100%| O|  |TAMS 0x0000000618c00000, 0x0000000618c00000| Untracked 
| 100|0x0000000619000000, 0x0000000619400000, 0x0000000619400000|100%| O|  |TAMS 0x0000000619000000, 0x0000000619000000| Untracked 
| 101|0x0000000619400000, 0x0000000619800000, 0x0000000619800000|100%| O|  |TAMS 0x0000000619400000, 0x0000000619400000| Untracked 
| 102|0x0000000619800000, 0x0000000619c00000, 0x0000000619c00000|100%| O|  |TAMS 0x0000000619800000, 0x0000000619800000| Untracked 
| 103|0x0000000619c00000, 0x000000061a000000, 0x000000061a000000|100%| O|  |TAMS 0x0000000619c00000, 0x0000000619c00000| Untracked 
| 104|0x000000061a000000, 0x000000061a400000, 0x000000061a400000|100%| O|  |TAMS 0x000000061a000000, 0x000000061a000000| Untracked 
| 105|0x000000061a400000, 0x000000061a800000, 0x000000061a800000|100%| O|  |TAMS 0x000000061a400000, 0x000000061a400000| Untracked 
| 106|0x000000061a800000, 0x000000061ac00000, 0x000000061ac00000|100%| O|  |TAMS 0x000000061a800000, 0x000000061a800000| Untracked 
| 107|0x000000061ac00000, 0x000000061b000000, 0x000000061b000000|100%| O|  |TAMS 0x000000061ac00000, 0x000000061ac00000| Untracked 
| 108|0x000000061b000000, 0x000000061b400000, 0x000000061b400000|100%| O|  |TAMS 0x000000061b000000, 0x000000061b000000| Untracked 
| 109|0x000000061b400000, 0x000000061b800000, 0x000000061b800000|100%| O|  |TAMS 0x000000061b400000, 0x000000061b400000| Untracked 
| 110|0x000000061b800000, 0x000000061bc00000, 0x000000061bc00000|100%| O|  |TAMS 0x000000061b800000, 0x000000061b800000| Untracked 
| 111|0x000000061bc00000, 0x000000061c000000, 0x000000061c000000|100%| O|  |TAMS 0x000000061bc00000, 0x000000061bc00000| Untracked 
| 112|0x000000061c000000, 0x000000061c400000, 0x000000061c400000|100%| O|  |TAMS 0x000000061c000000, 0x000000061c000000| Untracked 
| 113|0x000000061c400000, 0x000000061c800000, 0x000000061c800000|100%| O|  |TAMS 0x000000061c400000, 0x000000061c400000| Untracked 
| 114|0x000000061c800000, 0x000000061cc00000, 0x000000061cc00000|100%| O|  |TAMS 0x000000061c800000, 0x000000061c800000| Untracked 
| 115|0x000000061cc00000, 0x000000061d000000, 0x000000061d000000|100%| O|  |TAMS 0x000000061cc00000, 0x000000061cc00000| Untracked 
| 116|0x000000061d000000, 0x000000061d400000, 0x000000061d400000|100%| O|  |TAMS 0x000000061d000000, 0x000000061d000000| Untracked 
| 117|0x000000061d400000, 0x000000061d800000, 0x000000061d800000|100%| O|  |TAMS 0x000000061d400000, 0x000000061d400000| Untracked 
| 118|0x000000061d800000, 0x000000061dc00000, 0x000000061dc00000|100%| O|  |TAMS 0x000000061d800000, 0x000000061d800000| Untracked 
| 119|0x000000061dc00000, 0x000000061e000000, 0x000000061e000000|100%| O|  |TAMS 0x000000061dc00000, 0x000000061dc00000| Untracked 
| 120|0x000000061e000000, 0x000000061e400000, 0x000000061e400000|100%| O|  |TAMS 0x000000061e000000, 0x000000061e000000| Untracked 
| 121|0x000000061e400000, 0x000000061e800000, 0x000000061e800000|100%| O|  |TAMS 0x000000061e400000, 0x000000061e400000| Untracked 
| 122|0x000000061e800000, 0x000000061ec00000, 0x000000061ec00000|100%| O|  |TAMS 0x000000061e800000, 0x000000061e800000| Untracked 
| 123|0x000000061ec00000, 0x000000061f000000, 0x000000061f000000|100%| O|  |TAMS 0x000000061ec00000, 0x000000061ec00000| Untracked 
| 124|0x000000061f000000, 0x000000061f400000, 0x000000061f400000|100%| O|  |TAMS 0x000000061f000000, 0x000000061f000000| Untracked 
| 125|0x000000061f400000, 0x000000061f800000, 0x000000061f800000|100%| O|  |TAMS 0x000000061f400000, 0x000000061f400000| Untracked 
| 126|0x000000061f800000, 0x000000061fc00000, 0x000000061fc00000|100%| O|  |TAMS 0x000000061f800000, 0x000000061f800000| Untracked 
| 127|0x000000061fc00000, 0x0000000620000000, 0x0000000620000000|100%| O|  |TAMS 0x000000061fc00000, 0x000000061fc00000| Untracked 
| 128|0x0000000620000000, 0x0000000620400000, 0x0000000620400000|100%| O|  |TAMS 0x0000000620000000, 0x0000000620000000| Untracked 
| 129|0x0000000620400000, 0x0000000620800000, 0x0000000620800000|100%| O|  |TAMS 0x0000000620400000, 0x0000000620400000| Untracked 
| 130|0x0000000620800000, 0x0000000620c00000, 0x0000000620c00000|100%| O|  |TAMS 0x0000000620800000, 0x0000000620800000| Untracked 
| 131|0x0000000620c00000, 0x0000000621000000, 0x0000000621000000|100%| O|  |TAMS 0x0000000620c00000, 0x0000000620c00000| Untracked 
| 132|0x0000000621000000, 0x0000000621400000, 0x0000000621400000|100%| O|  |TAMS 0x0000000621000000, 0x0000000621000000| Untracked 
| 133|0x0000000621400000, 0x0000000621800000, 0x0000000621800000|100%| O|  |TAMS 0x0000000621400000, 0x0000000621400000| Untracked 
| 134|0x0000000621800000, 0x0000000621c00000, 0x0000000621c00000|100%| O|  |TAMS 0x0000000621800000, 0x0000000621800000| Untracked 
| 135|0x0000000621c00000, 0x0000000622000000, 0x0000000622000000|100%| O|  |TAMS 0x0000000621c00000, 0x0000000621c00000| Untracked 
| 136|0x0000000622000000, 0x0000000622000000, 0x0000000622400000|  0%| F|  |TAMS 0x0000000622000000, 0x0000000622000000| Untracked 
| 137|0x0000000622400000, 0x0000000622400000, 0x0000000622800000|  0%| F|  |TAMS 0x0000000622400000, 0x0000000622400000| Untracked 
| 138|0x0000000622800000, 0x0000000622800000, 0x0000000622c00000|  0%| F|  |TAMS 0x0000000622800000, 0x0000000622800000| Untracked 
| 139|0x0000000622c00000, 0x0000000622c00000, 0x0000000623000000|  0%| F|  |TAMS 0x0000000622c00000, 0x0000000622c00000| Untracked 
| 140|0x0000000623000000, 0x0000000623000000, 0x0000000623400000|  0%| F|  |TAMS 0x0000000623000000, 0x0000000623000000| Untracked 
| 141|0x0000000623400000, 0x0000000623400000, 0x0000000623800000|  0%| F|  |TAMS 0x0000000623400000, 0x0000000623400000| Untracked 
| 142|0x0000000623800000, 0x0000000623800000, 0x0000000623c00000|  0%| F|  |TAMS 0x0000000623800000, 0x0000000623800000| Untracked 
| 143|0x0000000623c00000, 0x0000000623c00000, 0x0000000624000000|  0%| F|  |TAMS 0x0000000623c00000, 0x0000000623c00000| Untracked 
| 144|0x0000000624000000, 0x0000000624000000, 0x0000000624400000|  0%| F|  |TAMS 0x0000000624000000, 0x0000000624000000| Untracked 
| 145|0x0000000624400000, 0x0000000624400000, 0x0000000624800000|  0%| F|  |TAMS 0x0000000624400000, 0x0000000624400000| Untracked 
| 146|0x0000000624800000, 0x0000000624800000, 0x0000000624c00000|  0%| F|  |TAMS 0x0000000624800000, 0x0000000624800000| Untracked 
| 147|0x0000000624c00000, 0x0000000624c00000, 0x0000000625000000|  0%| F|  |TAMS 0x0000000624c00000, 0x0000000624c00000| Untracked 
| 148|0x0000000625000000, 0x0000000625000000, 0x0000000625400000|  0%| F|  |TAMS 0x0000000625000000, 0x0000000625000000| Untracked 
| 149|0x0000000625400000, 0x0000000625400000, 0x0000000625800000|  0%| F|  |TAMS 0x0000000625400000, 0x0000000625400000| Untracked 
| 150|0x0000000625800000, 0x0000000625800000, 0x0000000625c00000|  0%| F|  |TAMS 0x0000000625800000, 0x0000000625800000| Untracked 
| 151|0x0000000625c00000, 0x0000000625c00000, 0x0000000626000000|  0%| F|  |TAMS 0x0000000625c00000, 0x0000000625c00000| Untracked 
| 152|0x0000000626000000, 0x0000000626000000, 0x0000000626400000|  0%| F|  |TAMS 0x0000000626000000, 0x0000000626000000| Untracked 
| 153|0x0000000626400000, 0x0000000626400000, 0x0000000626800000|  0%| F|  |TAMS 0x0000000626400000, 0x0000000626400000| Untracked 
| 154|0x0000000626800000, 0x0000000626800000, 0x0000000626c00000|  0%| F|  |TAMS 0x0000000626800000, 0x0000000626800000| Untracked 
| 155|0x0000000626c00000, 0x0000000626c00000, 0x0000000627000000|  0%| F|  |TAMS 0x0000000626c00000, 0x0000000626c00000| Untracked 
| 156|0x0000000627000000, 0x0000000627000000, 0x0000000627400000|  0%| F|  |TAMS 0x0000000627000000, 0x0000000627000000| Untracked 
| 157|0x0000000627400000, 0x0000000627400000, 0x0000000627800000|  0%| F|  |TAMS 0x0000000627400000, 0x0000000627400000| Untracked 
| 158|0x0000000627800000, 0x0000000627800000, 0x0000000627c00000|  0%| F|  |TAMS 0x0000000627800000, 0x0000000627800000| Untracked 
| 159|0x0000000627c00000, 0x0000000627c00000, 0x0000000628000000|  0%| F|  |TAMS 0x0000000627c00000, 0x0000000627c00000| Untracked 
| 160|0x0000000628000000, 0x0000000628000000, 0x0000000628400000|  0%| F|  |TAMS 0x0000000628000000, 0x0000000628000000| Untracked 
| 161|0x0000000628400000, 0x0000000628400000, 0x0000000628800000|  0%| F|  |TAMS 0x0000000628400000, 0x0000000628400000| Untracked 
| 162|0x0000000628800000, 0x0000000628800000, 0x0000000628c00000|  0%| F|  |TAMS 0x0000000628800000, 0x0000000628800000| Untracked 
| 163|0x0000000628c00000, 0x0000000628c00000, 0x0000000629000000|  0%| F|  |TAMS 0x0000000628c00000, 0x0000000628c00000| Untracked 
| 164|0x0000000629000000, 0x0000000629000000, 0x0000000629400000|  0%| F|  |TAMS 0x0000000629000000, 0x0000000629000000| Untracked 
| 165|0x0000000629400000, 0x0000000629400000, 0x0000000629800000|  0%| F|  |TAMS 0x0000000629400000, 0x0000000629400000| Untracked 
| 166|0x0000000629800000, 0x0000000629800000, 0x0000000629c00000|  0%| F|  |TAMS 0x0000000629800000, 0x0000000629800000| Untracked 
| 167|0x0000000629c00000, 0x0000000629c00000, 0x000000062a000000|  0%| F|  |TAMS 0x0000000629c00000, 0x0000000629c00000| Untracked 
| 168|0x000000062a000000, 0x000000062a000000, 0x000000062a400000|  0%| F|  |TAMS 0x000000062a000000, 0x000000062a000000| Untracked 
| 169|0x000000062a400000, 0x000000062a400000, 0x000000062a800000|  0%| F|  |TAMS 0x000000062a400000, 0x000000062a400000| Untracked 
| 170|0x000000062a800000, 0x000000062a800000, 0x000000062ac00000|  0%| F|  |TAMS 0x000000062a800000, 0x000000062a800000| Untracked 
| 171|0x000000062ac00000, 0x000000062ac00000, 0x000000062b000000|  0%| F|  |TAMS 0x000000062ac00000, 0x000000062ac00000| Untracked 
| 172|0x000000062b000000, 0x000000062b000000, 0x000000062b400000|  0%| F|  |TAMS 0x000000062b000000, 0x000000062b000000| Untracked 
| 173|0x000000062b400000, 0x000000062b400000, 0x000000062b800000|  0%| F|  |TAMS 0x000000062b400000, 0x000000062b400000| Untracked 
| 174|0x000000062b800000, 0x000000062b800000, 0x000000062bc00000|  0%| F|  |TAMS 0x000000062b800000, 0x000000062b800000| Untracked 
| 175|0x000000062bc00000, 0x000000062bc00000, 0x000000062c000000|  0%| F|  |TAMS 0x000000062bc00000, 0x000000062bc00000| Untracked 
| 176|0x000000062c000000, 0x000000062c000000, 0x000000062c400000|  0%| F|  |TAMS 0x000000062c000000, 0x000000062c000000| Untracked 
| 177|0x000000062c400000, 0x000000062c400000, 0x000000062c800000|  0%| F|  |TAMS 0x000000062c400000, 0x000000062c400000| Untracked 
| 178|0x000000062c800000, 0x000000062c800000, 0x000000062cc00000|  0%| F|  |TAMS 0x000000062c800000, 0x000000062c800000| Untracked 
| 179|0x000000062cc00000, 0x000000062cc00000, 0x000000062d000000|  0%| F|  |TAMS 0x000000062cc00000, 0x000000062cc00000| Untracked 
| 180|0x000000062d000000, 0x000000062d000000, 0x000000062d400000|  0%| F|  |TAMS 0x000000062d000000, 0x000000062d000000| Untracked 
| 181|0x000000062d400000, 0x000000062d400000, 0x000000062d800000|  0%| F|  |TAMS 0x000000062d400000, 0x000000062d400000| Untracked 
| 182|0x000000062d800000, 0x000000062d800000, 0x000000062dc00000|  0%| F|  |TAMS 0x000000062d800000, 0x000000062d800000| Untracked 
| 183|0x000000062dc00000, 0x000000062dc00000, 0x000000062e000000|  0%| F|  |TAMS 0x000000062dc00000, 0x000000062dc00000| Untracked 
| 184|0x000000062e000000, 0x000000062e000000, 0x000000062e400000|  0%| F|  |TAMS 0x000000062e000000, 0x000000062e000000| Untracked 
| 185|0x000000062e400000, 0x000000062e400000, 0x000000062e800000|  0%| F|  |TAMS 0x000000062e400000, 0x000000062e400000| Untracked 
| 186|0x000000062e800000, 0x000000062e800000, 0x000000062ec00000|  0%| F|  |TAMS 0x000000062e800000, 0x000000062e800000| Untracked 
| 187|0x000000062ec00000, 0x000000062ec00000, 0x000000062f000000|  0%| F|  |TAMS 0x000000062ec00000, 0x000000062ec00000| Untracked 
| 188|0x000000062f000000, 0x000000062f000000, 0x000000062f400000|  0%| F|  |TAMS 0x000000062f000000, 0x000000062f000000| Untracked 
| 189|0x000000062f400000, 0x000000062f400000, 0x000000062f800000|  0%| F|  |TAMS 0x000000062f400000, 0x000000062f400000| Untracked 
| 190|0x000000062f800000, 0x000000062f800000, 0x000000062fc00000|  0%| F|  |TAMS 0x000000062f800000, 0x000000062f800000| Untracked 
| 191|0x000000062fc00000, 0x000000062fc00000, 0x0000000630000000|  0%| F|  |TAMS 0x000000062fc00000, 0x000000062fc00000| Untracked 
| 192|0x0000000630000000, 0x0000000630000000, 0x0000000630400000|  0%| F|  |TAMS 0x0000000630000000, 0x0000000630000000| Untracked 
| 193|0x0000000630400000, 0x0000000630400000, 0x0000000630800000|  0%| F|  |TAMS 0x0000000630400000, 0x0000000630400000| Untracked 
| 194|0x0000000630800000, 0x0000000630800000, 0x0000000630c00000|  0%| F|  |TAMS 0x0000000630800000, 0x0000000630800000| Untracked 
| 195|0x0000000630c00000, 0x0000000630c00000, 0x0000000631000000|  0%| F|  |TAMS 0x0000000630c00000, 0x0000000630c00000| Untracked 
| 196|0x0000000631000000, 0x0000000631000000, 0x0000000631400000|  0%| F|  |TAMS 0x0000000631000000, 0x0000000631000000| Untracked 
| 197|0x0000000631400000, 0x0000000631400000, 0x0000000631800000|  0%| F|  |TAMS 0x0000000631400000, 0x0000000631400000| Untracked 
| 198|0x0000000631800000, 0x0000000631800000, 0x0000000631c00000|  0%| F|  |TAMS 0x0000000631800000, 0x0000000631800000| Untracked 
| 199|0x0000000631c00000, 0x0000000631c00000, 0x0000000632000000|  0%| F|  |TAMS 0x0000000631c00000, 0x0000000631c00000| Untracked 
| 200|0x0000000632000000, 0x0000000632000000, 0x0000000632400000|  0%| F|  |TAMS 0x0000000632000000, 0x0000000632000000| Untracked 
| 201|0x0000000632400000, 0x0000000632400000, 0x0000000632800000|  0%| F|  |TAMS 0x0000000632400000, 0x0000000632400000| Untracked 
| 202|0x0000000632800000, 0x0000000632800000, 0x0000000632c00000|  0%| F|  |TAMS 0x0000000632800000, 0x0000000632800000| Untracked 
| 203|0x0000000632c00000, 0x0000000632c00000, 0x0000000633000000|  0%| F|  |TAMS 0x0000000632c00000, 0x0000000632c00000| Untracked 
| 204|0x0000000633000000, 0x0000000633000000, 0x0000000633400000|  0%| F|  |TAMS 0x0000000633000000, 0x0000000633000000| Untracked 
| 205|0x0000000633400000, 0x0000000633400000, 0x0000000633800000|  0%| F|  |TAMS 0x0000000633400000, 0x0000000633400000| Untracked 
| 206|0x0000000633800000, 0x0000000633800000, 0x0000000633c00000|  0%| F|  |TAMS 0x0000000633800000, 0x0000000633800000| Untracked 
| 207|0x0000000633c00000, 0x0000000633c00000, 0x0000000634000000|  0%| F|  |TAMS 0x0000000633c00000, 0x0000000633c00000| Untracked 
| 208|0x0000000634000000, 0x0000000634000000, 0x0000000634400000|  0%| F|  |TAMS 0x0000000634000000, 0x0000000634000000| Untracked 
| 209|0x0000000634400000, 0x0000000634400000, 0x0000000634800000|  0%| F|  |TAMS 0x0000000634400000, 0x0000000634400000| Untracked 
| 210|0x0000000634800000, 0x0000000634800000, 0x0000000634c00000|  0%| F|  |TAMS 0x0000000634800000, 0x0000000634800000| Untracked 
| 211|0x0000000634c00000, 0x0000000634c00000, 0x0000000635000000|  0%| F|  |TAMS 0x0000000634c00000, 0x0000000634c00000| Untracked 
| 212|0x0000000635000000, 0x0000000635000000, 0x0000000635400000|  0%| F|  |TAMS 0x0000000635000000, 0x0000000635000000| Untracked 
| 213|0x0000000635400000, 0x0000000635400000, 0x0000000635800000|  0%| F|  |TAMS 0x0000000635400000, 0x0000000635400000| Untracked 
| 214|0x0000000635800000, 0x0000000635800000, 0x0000000635c00000|  0%| F|  |TAMS 0x0000000635800000, 0x0000000635800000| Untracked 
| 215|0x0000000635c00000, 0x0000000635c00000, 0x0000000636000000|  0%| F|  |TAMS 0x0000000635c00000, 0x0000000635c00000| Untracked 
| 216|0x0000000636000000, 0x0000000636000000, 0x0000000636400000|  0%| F|  |TAMS 0x0000000636000000, 0x0000000636000000| Untracked 
| 217|0x0000000636400000, 0x0000000636400000, 0x0000000636800000|  0%| F|  |TAMS 0x0000000636400000, 0x0000000636400000| Untracked 
| 218|0x0000000636800000, 0x0000000636800000, 0x0000000636c00000|  0%| F|  |TAMS 0x0000000636800000, 0x0000000636800000| Untracked 
| 219|0x0000000636c00000, 0x0000000636c00000, 0x0000000637000000|  0%| F|  |TAMS 0x0000000636c00000, 0x0000000636c00000| Untracked 
| 220|0x0000000637000000, 0x0000000637000000, 0x0000000637400000|  0%| F|  |TAMS 0x0000000637000000, 0x0000000637000000| Untracked 
| 221|0x0000000637400000, 0x0000000637400000, 0x0000000637800000|  0%| F|  |TAMS 0x0000000637400000, 0x0000000637400000| Untracked 
| 222|0x0000000637800000, 0x0000000637800000, 0x0000000637c00000|  0%| F|  |TAMS 0x0000000637800000, 0x0000000637800000| Untracked 
| 223|0x0000000637c00000, 0x0000000637c00000, 0x0000000638000000|  0%| F|  |TAMS 0x0000000637c00000, 0x0000000637c00000| Untracked 
| 224|0x0000000638000000, 0x0000000638000000, 0x0000000638400000|  0%| F|  |TAMS 0x0000000638000000, 0x0000000638000000| Untracked 
| 225|0x0000000638400000, 0x0000000638400000, 0x0000000638800000|  0%| F|  |TAMS 0x0000000638400000, 0x0000000638400000| Untracked 
| 226|0x0000000638800000, 0x0000000638800000, 0x0000000638c00000|  0%| F|  |TAMS 0x0000000638800000, 0x0000000638800000| Untracked 
| 227|0x0000000638c00000, 0x0000000638c00000, 0x0000000639000000|  0%| F|  |TAMS 0x0000000638c00000, 0x0000000638c00000| Untracked 
| 228|0x0000000639000000, 0x0000000639000000, 0x0000000639400000|  0%| F|  |TAMS 0x0000000639000000, 0x0000000639000000| Untracked 
| 229|0x0000000639400000, 0x0000000639400000, 0x0000000639800000|  0%| F|  |TAMS 0x0000000639400000, 0x0000000639400000| Untracked 
| 230|0x0000000639800000, 0x0000000639800000, 0x0000000639c00000|  0%| F|  |TAMS 0x0000000639800000, 0x0000000639800000| Untracked 
| 231|0x0000000639c00000, 0x0000000639c00000, 0x000000063a000000|  0%| F|  |TAMS 0x0000000639c00000, 0x0000000639c00000| Untracked 
| 232|0x000000063a000000, 0x000000063a000000, 0x000000063a400000|  0%| F|  |TAMS 0x000000063a000000, 0x000000063a000000| Untracked 
| 233|0x000000063a400000, 0x000000063a400000, 0x000000063a800000|  0%| F|  |TAMS 0x000000063a400000, 0x000000063a400000| Untracked 
| 234|0x000000063a800000, 0x000000063a800000, 0x000000063ac00000|  0%| F|  |TAMS 0x000000063a800000, 0x000000063a800000| Untracked 
| 235|0x000000063ac00000, 0x000000063ac00000, 0x000000063b000000|  0%| F|  |TAMS 0x000000063ac00000, 0x000000063ac00000| Untracked 
| 236|0x000000063b000000, 0x000000063b000000, 0x000000063b400000|  0%| F|  |TAMS 0x000000063b000000, 0x000000063b000000| Untracked 
| 237|0x000000063b400000, 0x000000063b400000, 0x000000063b800000|  0%| F|  |TAMS 0x000000063b400000, 0x000000063b400000| Untracked 
| 238|0x000000063b800000, 0x000000063b800000, 0x000000063bc00000|  0%| F|  |TAMS 0x000000063b800000, 0x000000063b800000| Untracked 
| 239|0x000000063bc00000, 0x000000063bc00000, 0x000000063c000000|  0%| F|  |TAMS 0x000000063bc00000, 0x000000063bc00000| Untracked 
| 240|0x000000063c000000, 0x000000063c400000, 0x000000063c400000|100%| S|CS|TAMS 0x000000063c000000, 0x000000063c000000| Complete 
| 241|0x000000063c400000, 0x000000063c800000, 0x000000063c800000|100%| S|CS|TAMS 0x000000063c400000, 0x000000063c400000| Complete 
| 242|0x000000063c800000, 0x000000063c800000, 0x000000063cc00000|  0%| F|  |TAMS 0x000000063c800000, 0x000000063c800000| Untracked 
| 243|0x000000063cc00000, 0x000000063cc00000, 0x000000063d000000|  0%| F|  |TAMS 0x000000063cc00000, 0x000000063cc00000| Untracked 
| 244|0x000000063d000000, 0x000000063d000000, 0x000000063d400000|  0%| F|  |TAMS 0x000000063d000000, 0x000000063d000000| Untracked 
| 245|0x000000063d400000, 0x000000063d400000, 0x000000063d800000|  0%| F|  |TAMS 0x000000063d400000, 0x000000063d400000| Untracked 
| 246|0x000000063d800000, 0x000000063d800000, 0x000000063dc00000|  0%| F|  |TAMS 0x000000063d800000, 0x000000063d800000| Untracked 
| 247|0x000000063dc00000, 0x000000063dc00000, 0x000000063e000000|  0%| F|  |TAMS 0x000000063dc00000, 0x000000063dc00000| Untracked 
| 248|0x000000063e000000, 0x000000063e000000, 0x000000063e400000|  0%| F|  |TAMS 0x000000063e000000, 0x000000063e000000| Untracked 
| 249|0x000000063e400000, 0x000000063e400000, 0x000000063e800000|  0%| F|  |TAMS 0x000000063e400000, 0x000000063e400000| Untracked 
| 250|0x000000063e800000, 0x000000063e800000, 0x000000063ec00000|  0%| F|  |TAMS 0x000000063e800000, 0x000000063e800000| Untracked 
| 251|0x000000063ec00000, 0x000000063ec00000, 0x000000063f000000|  0%| F|  |TAMS 0x000000063ec00000, 0x000000063ec00000| Untracked 
| 252|0x000000063f000000, 0x000000063f000000, 0x000000063f400000|  0%| F|  |TAMS 0x000000063f000000, 0x000000063f000000| Untracked 
| 253|0x000000063f400000, 0x000000063f400000, 0x000000063f800000|  0%| F|  |TAMS 0x000000063f400000, 0x000000063f400000| Untracked 

Card table byte_map: [0x000002473e010000,0x000002473f010000] _byte_map_base: 0x000002473b010000

Marking Bits (Prev, Next): (CMBitMap*) 0x000002472abebfe0, (CMBitMap*) 0x000002472abec020
 Prev Bits: [0x0000024740010000, 0x0000024748010000)
 Next Bits: [0x0000024748010000, 0x0000024750010000)

Polling page: 0x0000024728a90000

Metaspace:

Usage:
  Non-class:    118.43 MB used.
      Class:     17.78 MB used.
       Both:    136.20 MB used.

Virtual space:
  Non-class space:      120.00 MB reserved,     118.88 MB (>99%) committed,  15 nodes.
      Class space:        1.00 GB reserved,      18.12 MB (  2%) committed,  1 nodes.
             Both:        1.12 GB reserved,     137.00 MB ( 12%) committed. 

Chunk freelists:
   Non-Class:  560.00 KB
       Class:  1.72 MB
        Both:  2.27 MB

MaxMetaspaceSize: unlimited
CompressedClassSpaceSize: 1.00 GB
Initial GC threshold: 21.00 MB
Current GC threshold: 180.31 MB
CDS: off
MetaspaceReclaimPolicy: balanced
 - commit_granule_bytes: 65536.
 - commit_granule_words: 8192.
 - virtual_space_node_default_size: 1048576.
 - enlarge_chunks_in_place: 1.
 - new_chunks_are_fully_committed: 0.
 - uncommit_free_chunks: 1.
 - use_allocation_guard: 0.
 - handle_deallocations: 1.


Internal statistics:

num_allocs_failed_limit: 27.
num_arena_births: 1194.
num_arena_deaths: 4.
num_vsnodes_births: 16.
num_vsnodes_deaths: 0.
num_space_committed: 2191.
num_space_uncommitted: 0.
num_chunks_returned_to_freelist: 31.
num_chunks_taken_from_freelist: 6620.
num_chunk_merges: 24.
num_chunk_splits: 4460.
num_chunks_enlarged: 3033.
num_purges: 2.
num_inconsistent_stats: 0.

CodeHeap 'non-profiled nmethods': size=120000Kb used=11196Kb max_used=11367Kb free=108803Kb
 bounds [0x0000024735ae0000, 0x0000024736610000, 0x000002473d010000]
CodeHeap 'profiled nmethods': size=120000Kb used=36073Kb max_used=37852Kb free=83926Kb
 bounds [0x000002472e010000, 0x0000024730510000, 0x0000024735540000]
CodeHeap 'non-nmethods': size=5760Kb used=2459Kb max_used=2517Kb free=3300Kb
 bounds [0x0000024735540000, 0x00000247357c0000, 0x0000024735ae0000]
 total_blobs=19781 nmethods=18785 adapters=903
 compilation: enabled
              stopped_count=0, restarted_count=0
 full_count=0

Compilation events (20 events):
Event: 119.056 Thread 0x0000024753076980 23946   !   3       com.google.gson.Gson::getAdapter (257 bytes)
Event: 119.060 Thread 0x0000024753076980 nmethod 23946 0x000002472e7f6790 code [0x000002472e7f6be0, 0x000002472e7f9048]
Event: 119.060 Thread 0x0000024753076980 23949       3       com.google.gson.internal.$Gson$Types::getGenericSupertype (135 bytes)
Event: 119.065 Thread 0x0000024753076980 nmethod 23949 0x000002472f302890 code [0x000002472f302d40, 0x000002472f304ff8]
Event: 119.065 Thread 0x0000024753076980 23948       3       com.google.gson.internal.Excluder::excludeClassInStrategy (64 bytes)
Event: 119.065 Thread 0x0000024753076980 nmethod 23948 0x000002472e698f10 code [0x000002472e699100, 0x000002472e699738]
Event: 119.065 Thread 0x0000024753076980 23947       3       com.google.gson.TypeAdapter::<init> (5 bytes)
Event: 119.065 Thread 0x0000024753076980 nmethod 23947 0x000002472e624590 code [0x000002472e624720, 0x000002472e624878]
Event: 119.066 Thread 0x0000024753076980 23952       2       android.databinding.tool.store.SetterStore$AccessorKey::compareTo (9 bytes)
Event: 119.067 Thread 0x0000024753076980 nmethod 23952 0x000002472e420490 code [0x000002472e420640, 0x000002472e420898]
Event: 119.072 Thread 0x0000024753076980 23953       2       android.databinding.tool.store.BindingAdapterStore$merge$$inlined$merge$2$1::accept (11 bytes)
Event: 119.072 Thread 0x0000024753076980 nmethod 23953 0x000002472e631e90 code [0x000002472e632020, 0x000002472e632148]
Event: 119.072 Thread 0x0000024753076980 23954       2       android.databinding.tool.store.BindingAdapterStore$merge$$inlined$merge$2::accept (10 bytes)
Event: 119.073 Thread 0x0000024753076980 nmethod 23954 0x000002472ec5a590 code [0x000002472ec5a740, 0x000002472ec5a8a8]
Event: 119.073 Thread 0x0000024753076980 23955       2       android.databinding.tool.store.BindingAdapterStore$merge$$inlined$merge$2::accept (104 bytes)
Event: 119.074 Thread 0x0000024753076980 nmethod 23955 0x000002472e915b10 code [0x000002472e915d20, 0x000002472e916228]
Event: 119.074 Thread 0x0000024753076980 23956       2       android.databinding.tool.store.SetterStore::mergedHashCode (5 bytes)
Event: 119.074 Thread 0x0000024753076980 nmethod 23956 0x000002472e6f9d90 code [0x000002472e6f9f20, 0x000002472e6fa028]
Event: 119.076 Thread 0x0000024753076980 23957       2       com.sun.org.apache.xerces.internal.utils.XMLSecurityManager$NameMap::values (10 bytes)
Event: 119.076 Thread 0x0000024753076980 nmethod 23957 0x000002472e7cc610 code [0x000002472e7cc7c0, 0x000002472e7cc908]

GC Heap History (20 events):
Event: 76.895 GC heap after
{Heap after GC invocations=55 (full 0):
 garbage-first heap   total 647168K, used 355919K [0x0000000600000000, 0x0000000800000000)
  region size 4096K, 4 young (16384K), 4 survivors (16384K)
 Metaspace       used 117976K, committed 118720K, reserved 1155072K
  class space    used 15303K, committed 15680K, reserved 1048576K
}
Event: 83.911 GC heap before
{Heap before GC invocations=55 (full 0):
 garbage-first heap   total 647168K, used 413263K [0x0000000600000000, 0x0000000800000000)
  region size 4096K, 19 young (77824K), 4 survivors (16384K)
 Metaspace       used 120487K, committed 121216K, reserved 1155072K
  class space    used 15602K, committed 15936K, reserved 1048576K
}
Event: 83.973 GC heap after
{Heap after GC invocations=56 (full 0):
 garbage-first heap   total 647168K, used 367064K [0x0000000600000000, 0x0000000800000000)
  region size 4096K, 3 young (12288K), 3 survivors (12288K)
 Metaspace       used 120487K, committed 121216K, reserved 1155072K
  class space    used 15602K, committed 15936K, reserved 1048576K
}
Event: 88.089 GC heap before
{Heap before GC invocations=56 (full 0):
 garbage-first heap   total 647168K, used 457176K [0x0000000600000000, 0x0000000800000000)
  region size 4096K, 25 young (102400K), 3 survivors (12288K)
 Metaspace       used 133271K, committed 134080K, reserved 1171456K
  class space    used 17548K, committed 17920K, reserved 1048576K
}
Event: 88.125 GC heap after
{Heap after GC invocations=57 (full 0):
 garbage-first heap   total 647168K, used 371848K [0x0000000600000000, 0x0000000800000000)
  region size 4096K, 1 young (4096K), 1 survivors (4096K)
 Metaspace       used 133271K, committed 134080K, reserved 1171456K
  class space    used 17548K, committed 17920K, reserved 1048576K
}
Event: 91.961 GC heap before
{Heap before GC invocations=57 (full 0):
 garbage-first heap   total 647168K, used 466056K [0x0000000600000000, 0x0000000800000000)
  region size 4096K, 25 young (102400K), 1 survivors (4096K)
 Metaspace       used 134603K, committed 135360K, reserved 1171456K
  class space    used 17745K, committed 18112K, reserved 1048576K
}
Event: 91.983 GC heap after
{Heap after GC invocations=58 (full 0):
 garbage-first heap   total 647168K, used 377465K [0x0000000600000000, 0x0000000800000000)
  region size 4096K, 3 young (12288K), 3 survivors (12288K)
 Metaspace       used 134603K, committed 135360K, reserved 1171456K
  class space    used 17745K, committed 18112K, reserved 1048576K
}
Event: 93.107 GC heap before
{Heap before GC invocations=58 (full 0):
 garbage-first heap   total 647168K, used 479865K [0x0000000600000000, 0x0000000800000000)
  region size 4096K, 29 young (118784K), 3 survivors (12288K)
 Metaspace       used 134868K, committed 135680K, reserved 1171456K
  class space    used 17750K, committed 18112K, reserved 1048576K
}
Event: 93.140 GC heap after
{Heap after GC invocations=59 (full 0):
 garbage-first heap   total 647168K, used 388204K [0x0000000600000000, 0x0000000800000000)
  region size 4096K, 4 young (16384K), 4 survivors (16384K)
 Metaspace       used 134868K, committed 135680K, reserved 1171456K
  class space    used 17750K, committed 18112K, reserved 1048576K
}
Event: 98.022 GC heap before
{Heap before GC invocations=59 (full 0):
 garbage-first heap   total 647168K, used 494700K [0x0000000600000000, 0x0000000800000000)
  region size 4096K, 31 young (126976K), 4 survivors (16384K)
 Metaspace       used 135174K, committed 135936K, reserved 1171456K
  class space    used 17769K, committed 18112K, reserved 1048576K
}
Event: 98.103 GC heap after
{Heap after GC invocations=60 (full 0):
 garbage-first heap   total 1040384K, used 408218K [0x0000000600000000, 0x0000000800000000)
  region size 4096K, 4 young (16384K), 4 survivors (16384K)
 Metaspace       used 135174K, committed 135936K, reserved 1171456K
  class space    used 17769K, committed 18112K, reserved 1048576K
}
Event: 108.337 GC heap before
{Heap before GC invocations=60 (full 0):
 garbage-first heap   total 1040384K, used 649882K [0x0000000600000000, 0x0000000800000000)
  region size 4096K, 63 young (258048K), 4 survivors (16384K)
 Metaspace       used 138736K, committed 139520K, reserved 1171456K
  class space    used 18135K, committed 18496K, reserved 1048576K
}
Event: 110.181 GC heap after
{Heap after GC invocations=61 (full 0):
 garbage-first heap   total 1040384K, used 487424K [0x0000000600000000, 0x0000000800000000)
  region size 4096K, 8 young (32768K), 8 survivors (32768K)
 Metaspace       used 138736K, committed 139520K, reserved 1171456K
  class space    used 18135K, committed 18496K, reserved 1048576K
}
Event: 115.611 GC heap before
{Heap before GC invocations=61 (full 0):
 garbage-first heap   total 1040384K, used 503808K [0x0000000600000000, 0x0000000800000000)
  region size 4096K, 12 young (49152K), 8 survivors (32768K)
 Metaspace       used 139338K, committed 140160K, reserved 1171456K
  class space    used 18202K, committed 18560K, reserved 1048576K
}
Event: 115.849 GC heap after
{Heap after GC invocations=62 (full 0):
 garbage-first heap   total 1040384K, used 499712K [0x0000000600000000, 0x0000000800000000)
  region size 4096K, 2 young (8192K), 2 survivors (8192K)
 Metaspace       used 139338K, committed 140160K, reserved 1171456K
  class space    used 18202K, committed 18560K, reserved 1048576K
}
Event: 118.155 GC heap before
{Heap before GC invocations=62 (full 0):
 garbage-first heap   total 1040384K, used 540672K [0x0000000600000000, 0x0000000800000000)
  region size 4096K, 12 young (49152K), 2 survivors (8192K)
 Metaspace       used 139419K, committed 140224K, reserved 1171456K
  class space    used 18202K, committed 18560K, reserved 1048576K
}
Event: 118.206 GC heap after
{Heap after GC invocations=63 (full 0):
 garbage-first heap   total 1040384K, used 511668K [0x0000000600000000, 0x0000000800000000)
  region size 4096K, 2 young (8192K), 2 survivors (8192K)
 Metaspace       used 139419K, committed 140224K, reserved 1171456K
  class space    used 18202K, committed 18560K, reserved 1048576K
}
Event: 118.537 GC heap before
{Heap before GC invocations=63 (full 0):
 garbage-first heap   total 1040384K, used 552628K [0x0000000600000000, 0x0000000800000000)
  region size 4096K, 12 young (49152K), 2 survivors (8192K)
 Metaspace       used 139419K, committed 140224K, reserved 1171456K
  class space    used 18202K, committed 18560K, reserved 1048576K
}
Event: 118.618 GC heap after
{Heap after GC invocations=64 (full 0):
 garbage-first heap   total 1040384K, used 552007K [0x0000000600000000, 0x0000000800000000)
  region size 4096K, 2 young (8192K), 2 survivors (8192K)
 Metaspace       used 139419K, committed 140224K, reserved 1171456K
  class space    used 18202K, committed 18560K, reserved 1048576K
}
Event: 119.090 GC heap before
{Heap before GC invocations=64 (full 0):
 garbage-first heap   total 1040384K, used 592967K [0x0000000600000000, 0x0000000800000000)
  region size 4096K, 12 young (49152K), 2 survivors (8192K)
 Metaspace       used 139470K, committed 140288K, reserved 1171456K
  class space    used 18202K, committed 18560K, reserved 1048576K
}

Dll operation events (2 events):
Event: 0.017 Loaded shared library C:\Program Files\Android\Android Studio\jbr\bin\java.dll
Event: 1.574 Loaded shared library C:\Program Files\Android\Android Studio\jbr\bin\verify.dll

Deoptimization events (20 events):
Event: 117.382 Thread 0x0000024757272a20 DEOPT PACKING pc=0x00000247365b46c0 sp=0x0000008befef91f0
Event: 117.382 Thread 0x0000024757272a20 DEOPT UNPACKING pc=0x00000247355969a3 sp=0x0000008befef9178 mode 2
Event: 117.489 Thread 0x0000024757272a20 Uncommon trap: trap_request=0xfffffff4 fr.pc=0x000002473658abe4 relative=0x00000000000006e4
Event: 117.489 Thread 0x0000024757272a20 Uncommon trap: reason=null_check action=make_not_entrant pc=0x000002473658abe4 method=com.sun.tools.javac.processing.JavacProcessingEnvironment$ComputeAnnotationSet.scan(Ljavax/lang/model/element/Element;Ljava/util/Set;)Ljava/util/Set; @ 12 c2
Event: 117.489 Thread 0x0000024757272a20 DEOPT PACKING pc=0x000002473658abe4 sp=0x0000008befef9cf0
Event: 117.489 Thread 0x0000024757272a20 DEOPT UNPACKING pc=0x00000247355969a3 sp=0x0000008befef9bd0 mode 2
Event: 117.622 Thread 0x0000024757272a20 Uncommon trap: trap_request=0xffffffde fr.pc=0x0000024736341d00 relative=0x0000000000001d80
Event: 117.622 Thread 0x0000024757272a20 Uncommon trap: reason=class_check action=maybe_recompile pc=0x0000024736341d00 method=com.sun.org.apache.xerces.internal.impl.XMLDocumentFragmentScannerImpl.scanStartElement()Z @ 439 c2
Event: 117.622 Thread 0x0000024757272a20 DEOPT PACKING pc=0x0000024736341d00 sp=0x0000008befef9460
Event: 117.622 Thread 0x0000024757272a20 DEOPT UNPACKING pc=0x00000247355969a3 sp=0x0000008befef9420 mode 2
Event: 118.477 Thread 0x0000024757272a20 DEOPT PACKING pc=0x00000247304c6e5c sp=0x0000008befef9750
Event: 118.477 Thread 0x0000024757272a20 DEOPT UNPACKING pc=0x0000024735597143 sp=0x0000008befef8d28 mode 0
Event: 118.641 Thread 0x0000024757272a20 Uncommon trap: trap_request=0xffffff45 fr.pc=0x00000247365acf0c relative=0x000000000000396c
Event: 118.641 Thread 0x0000024757272a20 Uncommon trap: reason=unstable_if action=reinterpret pc=0x00000247365acf0c method=android.databinding.tool.reflection.SdkUtil$ApiChecker.buildFullLookup()V @ 49 c2
Event: 118.641 Thread 0x0000024757272a20 DEOPT PACKING pc=0x00000247365acf0c sp=0x0000008befef9830
Event: 118.641 Thread 0x0000024757272a20 DEOPT UNPACKING pc=0x00000247355969a3 sp=0x0000008befef9828 mode 2
Event: 118.650 Thread 0x0000024757272a20 DEOPT PACKING pc=0x000002472fa50742 sp=0x0000008befef93f0
Event: 118.650 Thread 0x0000024757272a20 DEOPT UNPACKING pc=0x0000024735597143 sp=0x0000008befef8858 mode 0
Event: 118.905 Thread 0x0000024757272a20 DEOPT PACKING pc=0x00000247303fb1d9 sp=0x0000008befef99b0
Event: 118.905 Thread 0x0000024757272a20 DEOPT UNPACKING pc=0x0000024735597143 sp=0x0000008befef8e88 mode 0

Classes unloaded (2 events):
Event: 61.382 Thread 0x00000247521eddb0 Unloading class 0x0000000800c04000 'java/lang/invoke/LambdaForm$DMH+0x0000000800c04000'
Event: 61.382 Thread 0x00000247521eddb0 Unloading class 0x0000000800bf1400 'java/lang/invoke/LambdaForm$DMH+0x0000000800bf1400'

Classes redefined (0 events):
No events

Internal exceptions (20 events):
Event: 111.841 Thread 0x0000024757272a20 Exception <a 'sun/nio/fs/WindowsException'{0x000000063e883300}> (0x000000063e883300) 
thrown [s\src\hotspot\share\prims\jni.cpp, line 517]
Event: 111.841 Thread 0x0000024757272a20 Exception <a 'sun/nio/fs/WindowsException'{0x000000063e885520}> (0x000000063e885520) 
thrown [s\src\hotspot\share\prims\jni.cpp, line 517]
Event: 112.186 Thread 0x0000024757272a20 Exception <a 'sun/nio/fs/WindowsException'{0x000000063e891610}> (0x000000063e891610) 
thrown [s\src\hotspot\share\prims\jni.cpp, line 517]
Event: 112.187 Thread 0x0000024757272a20 Exception <a 'sun/nio/fs/WindowsException'{0x000000063e892dd8}> (0x000000063e892dd8) 
thrown [s\src\hotspot\share\prims\jni.cpp, line 517]
Event: 112.187 Thread 0x0000024757272a20 Exception <a 'sun/nio/fs/WindowsException'{0x000000063e8940e0}> (0x000000063e8940e0) 
thrown [s\src\hotspot\share\prims\jni.cpp, line 517]
Event: 112.188 Thread 0x0000024757272a20 Exception <a 'sun/nio/fs/WindowsException'{0x000000063e895328}> (0x000000063e895328) 
thrown [s\src\hotspot\share\prims\jni.cpp, line 517]
Event: 112.188 Thread 0x0000024757272a20 Exception <a 'sun/nio/fs/WindowsException'{0x000000063e895718}> (0x000000063e895718) 
thrown [s\src\hotspot\share\prims\jni.cpp, line 517]
Event: 112.189 Thread 0x0000024757272a20 Exception <a 'sun/nio/fs/WindowsException'{0x000000063e897968}> (0x000000063e897968) 
thrown [s\src\hotspot\share\prims\jni.cpp, line 517]
Event: 112.189 Thread 0x0000024757272a20 Exception <a 'sun/nio/fs/WindowsException'{0x000000063e897d28}> (0x000000063e897d28) 
thrown [s\src\hotspot\share\prims\jni.cpp, line 517]
Event: 112.189 Thread 0x0000024757272a20 Exception <a 'sun/nio/fs/WindowsException'{0x000000063e899f60}> (0x000000063e899f60) 
thrown [s\src\hotspot\share\prims\jni.cpp, line 517]
Event: 112.189 Thread 0x0000024757272a20 Exception <a 'sun/nio/fs/WindowsException'{0x000000063e89a2f0}> (0x000000063e89a2f0) 
thrown [s\src\hotspot\share\prims\jni.cpp, line 517]
Event: 112.190 Thread 0x0000024757272a20 Exception <a 'sun/nio/fs/WindowsException'{0x000000063e89c510}> (0x000000063e89c510) 
thrown [s\src\hotspot\share\prims\jni.cpp, line 517]
Event: 112.423 Thread 0x0000024757272a20 Exception <a 'sun/nio/fs/WindowsException'{0x000000063e8ac9b0}> (0x000000063e8ac9b0) 
thrown [s\src\hotspot\share\prims\jni.cpp, line 517]
Event: 114.162 Thread 0x0000024757272a20 Exception <a 'sun/nio/fs/WindowsException'{0x000000063e96ddb8}> (0x000000063e96ddb8) 
thrown [s\src\hotspot\share\prims\jni.cpp, line 517]
Event: 114.835 Thread 0x0000024757272a20 Exception <a 'sun/nio/fs/WindowsException'{0x000000063e98d448}> (0x000000063e98d448) 
thrown [s\src\hotspot\share\prims\jni.cpp, line 517]
Event: 115.507 Thread 0x0000024757272a20 Exception <a 'sun/nio/fs/WindowsException'{0x000000063eb0a488}> (0x000000063eb0a488) 
thrown [s\src\hotspot\share\prims\jni.cpp, line 517]
Event: 115.508 Thread 0x0000024757272a20 Exception <a 'sun/nio/fs/WindowsException'{0x000000063eb0a818}> (0x000000063eb0a818) 
thrown [s\src\hotspot\share\prims\jni.cpp, line 517]
Event: 117.488 Thread 0x0000024757272a20 Implicit null exception at 0x000002473658a8b3 to 0x000002473658abd4
Event: 118.658 Thread 0x0000024757272a20 Exception <a 'sun/nio/fs/WindowsException'{0x000000063f21c5d8}> (0x000000063f21c5d8) 
thrown [s\src\hotspot\share\prims\jni.cpp, line 517]
Event: 118.659 Thread 0x0000024757272a20 Exception <a 'sun/nio/fs/WindowsException'{0x000000063f21c968}> (0x000000063f21c968) 
thrown [s\src\hotspot\share\prims\jni.cpp, line 517]

VM Operations (20 events):
Event: 114.294 Executing VM operation: Cleanup done
Event: 115.297 Executing VM operation: Cleanup
Event: 115.313 Executing VM operation: Cleanup done
Event: 115.542 Executing VM operation: G1CollectForAllocation
Event: 115.853 Executing VM operation: G1CollectForAllocation done
Event: 116.272 Executing VM operation: HandshakeAllThreads
Event: 116.311 Executing VM operation: HandshakeAllThreads done
Event: 116.961 Executing VM operation: HandshakeAllThreads
Event: 116.961 Executing VM operation: HandshakeAllThreads done
Event: 116.964 Executing VM operation: Cleanup
Event: 116.968 Executing VM operation: Cleanup done
Event: 117.036 Executing VM operation: HandshakeAllThreads
Event: 117.037 Executing VM operation: HandshakeAllThreads done
Event: 118.043 Executing VM operation: Cleanup
Event: 118.063 Executing VM operation: Cleanup done
Event: 118.155 Executing VM operation: G1CollectForAllocation
Event: 118.206 Executing VM operation: G1CollectForAllocation done
Event: 118.537 Executing VM operation: G1CollectForAllocation
Event: 118.618 Executing VM operation: G1CollectForAllocation done
Event: 119.090 Executing VM operation: G1CollectForAllocation

Events (20 events):
Event: 117.092 Thread 0x0000024753077a60 flushing nmethod 0x0000024730421910
Event: 117.092 Thread 0x0000024753077a60 flushing nmethod 0x0000024730448b90
Event: 117.092 Thread 0x0000024753077a60 flushing nmethod 0x0000024730448f10
Event: 117.092 Thread 0x0000024753077a60 flushing nmethod 0x0000024730449410
Event: 117.092 Thread 0x0000024753077a60 flushing nmethod 0x000002473044d010
Event: 117.092 Thread 0x0000024753077a60 flushing nmethod 0x0000024730451310
Event: 117.092 Thread 0x0000024753077a60 flushing nmethod 0x0000024730454c10
Event: 117.092 Thread 0x0000024753077a60 flushing nmethod 0x0000024730457910
Event: 117.092 Thread 0x0000024753077a60 flushing nmethod 0x000002473046e010
Event: 117.092 Thread 0x0000024753077a60 flushing nmethod 0x000002473046f990
Event: 117.092 Thread 0x0000024753077a60 flushing nmethod 0x000002473049dd10
Event: 117.092 Thread 0x0000024753077a60 flushing nmethod 0x00000247304bb490
Event: 117.092 Thread 0x0000024753077a60 flushing nmethod 0x00000247304bbe10
Event: 117.092 Thread 0x0000024753077a60 flushing nmethod 0x00000247304be710
Event: 117.092 Thread 0x0000024753077a60 flushing nmethod 0x00000247304c8390
Event: 117.092 Thread 0x0000024753077a60 flushing nmethod 0x00000247304c8910
Event: 117.092 Thread 0x0000024753077a60 flushing nmethod 0x00000247304cb990
Event: 117.092 Thread 0x0000024753077a60 flushing nmethod 0x00000247304e5010
Event: 118.642 Thread 0x000002475c8749f0 Thread exited: 0x000002475c8749f0
Event: 118.666 Thread 0x000002475c872680 Thread added: 0x000002475c872680


Dynamic libraries:
0x00007ff769a20000 - 0x00007ff769a2a000 	C:\Program Files\Android\Android Studio\jbr\bin\java.exe
0x00007ff868d30000 - 0x00007ff868f28000 	C:\Windows\SYSTEM32\ntdll.dll
0x00007ff868bd0000 - 0x00007ff868c8d000 	C:\Windows\System32\KERNEL32.DLL
0x00007ff8665e0000 - 0x00007ff8668d6000 	C:\Windows\System32\KERNELBASE.dll
0x00007ff866ae0000 - 0x00007ff866be0000 	C:\Windows\System32\ucrtbase.dll
0x00007ff854030000 - 0x00007ff85404b000 	C:\Program Files\Android\Android Studio\jbr\bin\VCRUNTIME140.dll
0x00007ff81bc70000 - 0x00007ff81bc87000 	C:\Program Files\Android\Android Studio\jbr\bin\jli.dll
0x00007ff8687c0000 - 0x00007ff86895e000 	C:\Windows\System32\USER32.dll
0x00007ff866c50000 - 0x00007ff866c72000 	C:\Windows\System32\win32u.dll
0x00007ff868c90000 - 0x00007ff868cbc000 	C:\Windows\System32\GDI32.dll
0x00007ff866970000 - 0x00007ff866a8a000 	C:\Windows\System32\gdi32full.dll
0x00007ff8663e0000 - 0x00007ff86647d000 	C:\Windows\System32\msvcp_win.dll
0x00007ff857b00000 - 0x00007ff857d9a000 	C:\Windows\WinSxS\amd64_microsoft.windows.common-controls_6595b64144ccf1df_6.0.19041.3636_none_60b6a03d71f818d5\COMCTL32.dll
0x00007ff868710000 - 0x00007ff8687ae000 	C:\Windows\System32\msvcrt.dll
0x00007ff8686e0000 - 0x00007ff868710000 	C:\Windows\System32\IMM32.DLL
0x00007ff85e460000 - 0x00007ff85e46c000 	C:\Program Files\Android\Android Studio\jbr\bin\vcruntime140_1.dll
0x00007ff83eab0000 - 0x00007ff83eb3d000 	C:\Program Files\Android\Android Studio\jbr\bin\msvcp140.dll
0x00007ff811770000 - 0x00007ff8123de000 	C:\Program Files\Android\Android Studio\jbr\bin\server\jvm.dll
0x00007ff8681d0000 - 0x00007ff86827f000 	C:\Windows\System32\ADVAPI32.dll
0x00007ff868640000 - 0x00007ff8686dc000 	C:\Windows\System32\sechost.dll
0x00007ff8689e0000 - 0x00007ff868b06000 	C:\Windows\System32\RPCRT4.dll
0x00007ff849d30000 - 0x00007ff849d39000 	C:\Windows\SYSTEM32\WSOCK32.dll
0x00007ff868530000 - 0x00007ff86859b000 	C:\Windows\System32\WS2_32.dll
0x00007ff85ba00000 - 0x00007ff85ba0a000 	C:\Windows\SYSTEM32\VERSION.dll
0x00007ff855180000 - 0x00007ff8551a7000 	C:\Windows\SYSTEM32\WINMM.dll
0x00007ff864c30000 - 0x00007ff864c42000 	C:\Windows\SYSTEM32\kernel.appcore.dll
0x00007ff83fe00000 - 0x00007ff83fe0a000 	C:\Program Files\Android\Android Studio\jbr\bin\jimage.dll
0x00007ff853ac0000 - 0x00007ff853ca4000 	C:\Windows\SYSTEM32\DBGHELP.DLL
0x00007ff853a80000 - 0x00007ff853ab4000 	C:\Windows\SYSTEM32\dbgcore.DLL
0x00007ff8668e0000 - 0x00007ff866962000 	C:\Windows\System32\bcryptPrimitives.dll
0x00007ff83f3b0000 - 0x00007ff83f3d5000 	C:\Program Files\Android\Android Studio\jbr\bin\java.dll
0x00007ff83a2f0000 - 0x00007ff83a308000 	C:\Program Files\Android\Android Studio\jbr\bin\zip.dll
0x00007ff866dc0000 - 0x00007ff867505000 	C:\Windows\System32\SHELL32.dll
0x00007ff8642c0000 - 0x00007ff864a5b000 	C:\Windows\SYSTEM32\windows.storage.dll
0x00007ff867e70000 - 0x00007ff8681c4000 	C:\Windows\System32\combase.dll
0x00007ff865d50000 - 0x00007ff865d7d000 	C:\Windows\SYSTEM32\Wldp.dll
0x00007ff868350000 - 0x00007ff8683fd000 	C:\Windows\System32\SHCORE.dll
0x00007ff867850000 - 0x00007ff8678a5000 	C:\Windows\System32\shlwapi.dll
0x00007ff866310000 - 0x00007ff866335000 	C:\Windows\SYSTEM32\profapi.dll
0x00007ff820480000 - 0x00007ff820499000 	C:\Program Files\Android\Android Studio\jbr\bin\net.dll
0x00007ff85cd60000 - 0x00007ff85ce6a000 	C:\Windows\SYSTEM32\WINHTTP.dll
0x00007ff865ab0000 - 0x00007ff865b1a000 	C:\Windows\system32\mswsock.dll
0x00007ff820280000 - 0x00007ff820296000 	C:\Program Files\Android\Android Studio\jbr\bin\nio.dll
0x00007ff83f0d0000 - 0x00007ff83f0e0000 	C:\Program Files\Android\Android Studio\jbr\bin\verify.dll
0x00007ff8504d0000 - 0x00007ff8504f7000 	C:\Users\DNC-USER\.gradle\native\e1d6ef7f7dcc3fd88c89a11ec53ec762bb8ba0a96d01ffa2cd45eb1d1d8dd5c5\windows-amd64\native-platform.dll
0x00007ff83f0e0000 - 0x00007ff83f224000 	C:\Users\DNC-USER\.gradle\native\0d407fdbe67a94daf76414ababcb853783967236a71b16ec16e742cd7a986fd3\windows-amd64\native-platform-file-events.dll
0x00007ff83e5e0000 - 0x00007ff83e5e9000 	C:\Program Files\Android\Android Studio\jbr\bin\management.dll
0x00007ff83c6b0000 - 0x00007ff83c6bb000 	C:\Program Files\Android\Android Studio\jbr\bin\management_ext.dll
0x00007ff867d40000 - 0x00007ff867d48000 	C:\Windows\System32\PSAPI.DLL
0x00007ff865cb0000 - 0x00007ff865cc8000 	C:\Windows\SYSTEM32\CRYPTSP.dll
0x00007ff8653e0000 - 0x00007ff865414000 	C:\Windows\system32\rsaenh.dll
0x00007ff866d30000 - 0x00007ff866d57000 	C:\Windows\System32\bcrypt.dll
0x00007ff8662d0000 - 0x00007ff8662fe000 	C:\Windows\SYSTEM32\USERENV.dll
0x00007ff865ca0000 - 0x00007ff865cac000 	C:\Windows\SYSTEM32\CRYPTBASE.dll
0x00007ff8657a0000 - 0x00007ff8657db000 	C:\Windows\SYSTEM32\IPHLPAPI.DLL
0x00007ff868630000 - 0x00007ff868638000 	C:\Windows\System32\NSI.dll
0x00007ff85e5b0000 - 0x00007ff85e5c7000 	C:\Windows\SYSTEM32\dhcpcsvc6.DLL
0x00007ff85f3f0000 - 0x00007ff85f40d000 	C:\Windows\SYSTEM32\dhcpcsvc.DLL
0x00007ff8657e0000 - 0x00007ff8658aa000 	C:\Windows\SYSTEM32\DNSAPI.dll
0x00007ff83a730000 - 0x00007ff83a737000 	C:\Windows\system32\wshunix.dll
0x00007ff865500000 - 0x00007ff865533000 	C:\Windows\SYSTEM32\ntmarta.dll

dbghelp: loaded successfully - version: 4.0.5 - missing functions: none
symbol engine: initialized successfully - sym options: 0x614 - pdb path: .;C:\Program Files\Android\Android Studio\jbr\bin;C:\Windows\SYSTEM32;C:\Windows\WinSxS\amd64_microsoft.windows.common-controls_6595b64144ccf1df_6.0.19041.3636_none_60b6a03d71f818d5;C:\Program Files\Android\Android Studio\jbr\bin\server;C:\Users\DNC-USER\.gradle\native\e1d6ef7f7dcc3fd88c89a11ec53ec762bb8ba0a96d01ffa2cd45eb1d1d8dd5c5\windows-amd64;C:\Users\DNC-USER\.gradle\native\0d407fdbe67a94daf76414ababcb853783967236a71b16ec16e742cd7a986fd3\windows-amd64

VM Arguments:
jvm_args: --add-exports=jdk.compiler/com.sun.tools.javac.tree=ALL-UNNAMED --add-exports=jdk.compiler/com.sun.tools.javac.code=ALL-UNNAMED --add-exports=jdk.compiler/com.sun.tools.javac.util=ALL-UNNAMED --add-opens=java.base/java.util=ALL-UNNAMED --add-opens=java.base/java.lang=ALL-UNNAMED --add-opens=java.base/java.lang.invoke=ALL-UNNAMED --add-opens=java.base/java.util=ALL-UNNAMED --add-opens=java.prefs/java.util.prefs=ALL-UNNAMED --add-opens=java.prefs/java.util.prefs=ALL-UNNAMED --add-opens=java.base/java.nio.charset=ALL-UNNAMED --add-opens=java.base/java.net=ALL-UNNAMED --add-opens=java.base/java.util.concurrent.atomic=ALL-UNNAMED -Xmx8192m -Dfile.encoding=windows-1252 -Duser.country=IN -Duser.language=en -Duser.variant 
java_command: org.gradle.launcher.daemon.bootstrap.GradleDaemon 7.5
java_class_path (initial): C:\Users\DNC-USER\.gradle\wrapper\dists\gradle-7.5-bin\f1w0cc9nuo0eivz97x2xlu9sv\gradle-7.5\lib\gradle-launcher-7.5.jar
Launcher Type: SUN_STANDARD

[Global flags]
     intx CICompilerCount                          = 3                                         {product} {ergonomic}
     uint ConcGCThreads                            = 1                                         {product} {ergonomic}
     uint G1ConcRefinementThreads                  = 4                                         {product} {ergonomic}
   size_t G1HeapRegionSize                         = 4194304                                   {product} {ergonomic}
    uintx GCDrainStackTargetSize                   = 64                                        {product} {ergonomic}
   size_t InitialHeapSize                          = 67108864                                  {product} {ergonomic}
   size_t MarkStackSize                            = 4194304                                   {product} {ergonomic}
   size_t MaxHeapSize                              = 8589934592                                {product} {command line}
   size_t MaxNewSize                               = 5150605312                                {product} {ergonomic}
   size_t MinHeapDeltaBytes                        = 4194304                                   {product} {ergonomic}
   size_t MinHeapSize                              = 8388608                                   {product} {ergonomic}
    uintx NonNMethodCodeHeapSize                   = 5832780                                {pd product} {ergonomic}
    uintx NonProfiledCodeHeapSize                  = 122912730                              {pd product} {ergonomic}
    uintx ProfiledCodeHeapSize                     = 122912730                              {pd product} {ergonomic}
    uintx ReservedCodeCacheSize                    = 251658240                              {pd product} {ergonomic}
     bool SegmentedCodeCache                       = true                                      {product} {ergonomic}
   size_t SoftMaxHeapSize                          = 8589934592                             {manageable} {ergonomic}
     bool UseCompressedClassPointers               = true                           {product lp64_product} {ergonomic}
     bool UseCompressedOops                        = true                           {product lp64_product} {ergonomic}
     bool UseG1GC                                  = true                                      {product} {ergonomic}
     bool UseLargePagesIndividualAllocation        = false                                  {pd product} {ergonomic}

Logging:
Log output configuration:
 #0: stdout all=warning uptime,level,tags
 #1: stderr all=off uptime,level,tags

Environment Variables:
JAVA_HOME=C:\src\java\jdk-17.0.8
PATH=C:\Program Files\Common Files\Oracle\Java\javapath;C:\Windows\system32;C:\Windows;C:\Windows\System32\Wbem;C:\Windows\System32\WindowsPowerShell\v1.0\;C:\Windows\System32\OpenSSH\;C:\Program Files (x86)\Windows Kits\10\Windows Performance Toolkit\;C:\src\java\jdk-17.0.8\bin;C:\Program Files\nodejs\;C:\Program Files\Git\cmd;C:\Program Files\Git\bin;C:\Users\DNC-USER\AppData\Local\Pub\Cache\bin;C:\Users\DNC-USER\AppData\Local\Microsoft\WindowsApps;C:\Users\DNC-USER\AppData\Local\Programs\Microsoft VS Code\bin;C:\src\flutter\bin;C:\src\java\jdk-17.0.8\bin;C:\Users\DNC-USER\AppData\Roaming\npm;C:\Program Files\Git\bin;C:\Users\DNC-USER\AppData\Local\Pub\Cache\bin;
USERNAME=DNC-USER
OS=Windows_NT
PROCESSOR_IDENTIFIER=Intel64 Family 6 Model 61 Stepping 4, GenuineIntel
TMP=C:\Users\DNC-USER\AppData\Local\Temp
TEMP=C:\Users\DNC-USER\AppData\Local\Temp


JNI global refs:
JNI global refs: 26, weak refs: 10

JNI global refs memory usage: 843, weak refs: 841


---------------  S Y S T E M  ---------------

OS:
 Windows 10 , 64 bit Build 19041 (10.0.19041.3636)
OS uptime: 4 days 8:23 hours

CPU: total 4 (initial active 4) (2 cores per cpu, 2 threads per core) family 6 model 61 stepping 4 microcode 0x2f, cx8, cmov, fxsr, ht, mmx, 3dnowpref, sse, sse2, sse3, ssse3, sse4.1, sse4.2, popcnt, lzcnt, tsc, tscinvbit, avx, avx2, aes, erms, clmul, bmi1, bmi2, adx, fma, vzeroupper, clflush

Memory: 4k page, system-wide physical 3998M (466M free)
TotalPageFile size 16258M (AvailPageFile size 62M)
current process WorkingSet (physical memory assigned to process): 459M, peak: 706M
current process commit charge ("private bytes"): 1413M, peak: 2431M

vm_info: OpenJDK 64-Bit Server VM (17.0.6+0-b2043.56-10027231) for windows-amd64 JRE (17.0.6+0-b2043.56-10027231), built on Apr 28 2023 00:43:19 by "androidbuild" with MS VC++ 16.10 / 16.11 (VS2019)

END.
